2020-11-16 18:27:26|Trial 42 finished with value: 0.12476252830247457 and parameters: {'lambda_l1': 2.9358626658898524e-08, 'lambda_l2': 3.217060548906759e-08}. Best is trial 42 with value: 0.12476252830247457.
2020-11-16 18:27:29|Trial 43 finished with value: 0.12476252830249517 and parameters: {'lambda_l1': 1.1781726132928271e-08, 'lambda_l2': 1.690986299320946e-08}. Best is trial 42 with value: 0.12476252830247457.
2020-11-16 18:27:33|Trial 44 finished with value: 0.12476252830249607 and parameters: {'lambda_l1': 1.2337400067154572e-08, 'lambda_l2': 1.0278331610407617e-08}. Best is trial 42 with value: 0.12476252830247457.
2020-11-16 18:27:37|Trial 45 finished with value: 0.12476252830249299 and parameters: {'lambda_l1': 1.5253494742869815e-08, 'lambda_l2': 1.0225300365260211e-08}. Best is trial 42 with value: 0.12476252830247457.
2020-11-16 18:27:41|Trial 46 finished with value: 0.12476252830249568 and parameters: {'lambda_l1': 1.2698882002201452e-08, 'lambda_l2': 1.1433144616167045e-08}. Best is trial 42 with value: 0.12476252830247457.
2020-11-16 18:27:45|Trial 47 finished with value: 0.12476252830249697 and parameters: {'lambda_l1': 1.195981249058059e-08, 'lambda_l2': 1.0146059398414704e-08}. Best is trial 42 with value: 0.12476252830247457.
2020-11-16 18:27:48|Trial 48 finished with value: 0.12476252830249503 and parameters: {'lambda_l1': 1.2956520733113245e-08, 'lambda_l2': 1.285222578550524e-08}. Best is trial 42 with value: 0.12476252830247457.
2020-11-16 18:27:52|Trial 49 finished with value: 0.12476252830248943 and parameters: {'lambda_l1': 1.8379269055621466e-08, 'lambda_l2': 2.7466903179530843e-08}. Best is trial 42 with value: 0.12476252830247457.
2020-11-16 18:27:56|Trial 50 finished with value: 0.12476252830228278 and parameters: {'lambda_l1': 1.4683498073068806e-07, 'lambda_l2': 6.094534800659347e-07}. Best is trial 50 with value: 0.12476252830228278.
2020-11-16 18:28:00|Trial 51 finished with value: 0.12476252830244852 and parameters: {'lambda_l1': 4.706890038267494e-08, 'lambda_l2': 9.11446601097574e-08}. Best is trial 50 with value: 0.12476252830228278.
2020-11-16 18:28:03|Trial 52 finished with value: 0.12476252830157519 and parameters: {'lambda_l1': 7.006967234547742e-07, 'lambda_l2': 1.8670781154072293e-06}. Best is trial 52 with value: 0.12476252830157519.
2020-11-16 18:28:07|Trial 53 finished with value: 0.12476252830014245 and parameters: {'lambda_l1': 1.8708812414827749e-06, 'lambda_l2': 4.2810624131219985e-06}. Best is trial 53 with value: 0.12476252830014245.
2020-11-16 18:28:11|Trial 54 finished with value: 0.12476252829895905 and parameters: {'lambda_l1': 2.9937447932384893e-06, 'lambda_l2': 4.779983549880099e-06}. Best is trial 54 with value: 0.12476252829895905.
2020-11-16 18:28:15|Trial 55 finished with value: 0.12476252829626798 and parameters: {'lambda_l1': 5.45087675642712e-06, 'lambda_l2': 6.8685465468457595e-06}. Best is trial 55 with value: 0.12476252829626798.
2020-11-16 18:28:18|Trial 56 finished with value: 0.12476252829827138 and parameters: {'lambda_l1': 3.826753409856691e-06, 'lambda_l2': 3.5188999070885455e-06}. Best is trial 55 with value: 0.12476252829626798.
2020-11-16 18:28:22|Trial 57 finished with value: 0.124762528297566 and parameters: {'lambda_l1': 4.112953052367255e-06, 'lambda_l2': 6.795971863072616e-06}. Best is trial 55 with value: 0.12476252829626798.
2020-11-16 18:28:26|Trial 58 finished with value: 0.12476252829751364 and parameters: {'lambda_l1': 3.9706965704726435e-06, 'lambda_l2': 8.343661700344753e-06}. Best is trial 55 with value: 0.12476252829626798.
2020-11-16 18:28:30|Trial 59 finished with value: 0.1247625282906558 and parameters: {'lambda_l1': 8.800395812464832e-06, 'lambda_l2': 2.5941012728429416e-05}. Best is trial 59 with value: 0.1247625282906558.
2020-11-16 18:28:34|Trial 60 finished with value: 0.12477947639400076 and parameters: {'min_child_samples': 50}. Best is trial 60 with value: 0.12477947639400076.
2020-11-16 18:28:37|Trial 61 finished with value: 0.12477161306887184 and parameters: {'min_child_samples': 25}. Best is trial 61 with value: 0.12477161306887184.
2020-11-16 18:28:41|Trial 62 finished with value: 0.12477943954531534 and parameters: {'min_child_samples': 5}. Best is trial 61 with value: 0.12477161306887184.
2020-11-16 18:28:45|Trial 63 finished with value: 0.12478149999149483 and parameters: {'min_child_samples': 10}. Best is trial 61 with value: 0.12477161306887184.
2020-11-16 18:28:49|Trial 64 finished with value: 0.12476171854510328 and parameters: {'min_child_samples': 100}. Best is trial 64 with value: 0.12476171854510328.
2020-11-16 18:29:06|A new study created in memory with name: no-name-14ac484b-a9e1-42fb-9ef1-0fd6cda88b96
2020-11-16 18:29:10|Trial 0 finished with value: 0.12478196777387833 and parameters: {'feature_fraction': 0.5}. Best is trial 0 with value: 0.12478196777387833.
2020-11-16 18:29:13|Trial 1 finished with value: 0.12477669311156116 and parameters: {'feature_fraction': 0.6}. Best is trial 1 with value: 0.12477669311156116.
2020-11-16 18:29:19|Trial 2 finished with value: 0.1247741078349378 and parameters: {'feature_fraction': 1.0}. Best is trial 2 with value: 0.1247741078349378.
2020-11-16 18:29:23|Trial 3 finished with value: 0.1247851401034027 and parameters: {'feature_fraction': 0.8999999999999999}. Best is trial 2 with value: 0.1247741078349378.
2020-11-16 18:29:27|Trial 4 finished with value: 0.12476834802439857 and parameters: {'feature_fraction': 0.4}. Best is trial 4 with value: 0.12476834802439857.
2020-11-16 18:29:32|Trial 5 finished with value: 0.12476799026034203 and parameters: {'feature_fraction': 0.7}. Best is trial 5 with value: 0.12476799026034203.
2020-11-16 18:29:37|Trial 6 finished with value: 0.12477600339343757 and parameters: {'feature_fraction': 0.8}. Best is trial 5 with value: 0.12476799026034203.
2020-11-16 18:29:42|Trial 7 finished with value: 0.12481745633581108 and parameters: {'num_leaves': 254}. Best is trial 7 with value: 0.12481745633581108.
2020-11-16 18:29:47|Trial 8 finished with value: 0.12481054739481479 and parameters: {'num_leaves': 135}. Best is trial 8 with value: 0.12481054739481479.
2020-11-16 18:29:51|Trial 9 finished with value: 0.12479322003801038 and parameters: {'num_leaves': 59}. Best is trial 9 with value: 0.12479322003801038.
2020-11-16 18:29:56|Trial 10 finished with value: 0.12482445986648036 and parameters: {'num_leaves': 256}. Best is trial 9 with value: 0.12479322003801038.
2020-11-16 18:30:00|Trial 11 finished with value: 0.12476863213849708 and parameters: {'num_leaves': 24}. Best is trial 11 with value: 0.12476863213849708.
2020-11-16 18:30:05|Trial 12 finished with value: 0.12480708240880552 and parameters: {'num_leaves': 155}. Best is trial 11 with value: 0.12476863213849708.
2020-11-16 18:30:10|Trial 13 finished with value: 0.12480771946308819 and parameters: {'num_leaves': 214}. Best is trial 11 with value: 0.12476863213849708.
2020-11-16 18:30:14|Trial 14 finished with value: 0.12477182426401869 and parameters: {'num_leaves': 66}. Best is trial 11 with value: 0.12476863213849708.
2020-11-16 18:30:19|Trial 15 finished with value: 0.12481063546572832 and parameters: {'num_leaves': 192}. Best is trial 11 with value: 0.12476863213849708.
2020-11-16 18:30:23|Trial 16 finished with value: 0.12478755600191122 and parameters: {'num_leaves': 83}. Best is trial 11 with value: 0.12476863213849708.
2020-11-16 18:30:27|Trial 17 finished with value: 0.12477426340886666 and parameters: {'num_leaves': 15}. Best is trial 11 with value: 0.12476863213849708.
2020-11-16 18:30:32|Trial 18 finished with value: 0.12480072075960855 and parameters: {'num_leaves': 104}. Best is trial 11 with value: 0.12476863213849708.
2020-11-16 18:30:36|Trial 19 finished with value: 0.12480224311071242 and parameters: {'num_leaves': 180}. Best is trial 11 with value: 0.12476863213849708.
2020-11-16 18:30:42|Trial 20 finished with value: 0.12480792730231155 and parameters: {'num_leaves': 228}. Best is trial 11 with value: 0.12476863213849708.
2020-11-16 18:30:49|Trial 21 finished with value: 0.12476396527604375 and parameters: {'num_leaves': 5}. Best is trial 21 with value: 0.12476396527604375.
2020-11-16 18:30:53|Trial 22 finished with value: 0.12475476011097701 and parameters: {'num_leaves': 40}. Best is trial 22 with value: 0.12475476011097701.
2020-11-16 18:30:57|Trial 23 finished with value: 0.12481689443856288 and parameters: {'num_leaves': 2}. Best is trial 22 with value: 0.12475476011097701.
2020-11-16 18:31:01|Trial 24 finished with value: 0.1247885954171951 and parameters: {'num_leaves': 53}. Best is trial 22 with value: 0.12475476011097701.
2020-11-16 18:31:05|Trial 25 finished with value: 0.12473800690275196 and parameters: {'num_leaves': 26}. Best is trial 25 with value: 0.12473800690275196.
2020-11-16 18:31:09|Trial 26 finished with value: 0.12475712944776803 and parameters: {'num_leaves': 38}. Best is trial 25 with value: 0.12473800690275196.
2020-11-16 18:31:13|Trial 27 finished with value: 0.12479059569391333 and parameters: {'bagging_fraction': 0.840419291089393, 'bagging_freq': 7}. Best is trial 27 with value: 0.12479059569391333.
2020-11-16 18:31:17|Trial 28 finished with value: 0.12480551949005962 and parameters: {'bagging_fraction': 0.47229592470111614, 'bagging_freq': 1}. Best is trial 27 with value: 0.12479059569391333.
2020-11-16 18:31:19|Trial 29 finished with value: 0.12480300940665433 and parameters: {'bagging_fraction': 0.41189331529112083, 'bagging_freq': 4}. Best is trial 27 with value: 0.12479059569391333.
2020-11-16 18:31:23|Trial 30 finished with value: 0.12479705984436736 and parameters: {'bagging_fraction': 0.6645011649170468, 'bagging_freq': 7}. Best is trial 27 with value: 0.12479059569391333.
2020-11-16 18:31:28|Trial 31 finished with value: 0.12475905728322478 and parameters: {'bagging_fraction': 0.9936073083022097, 'bagging_freq': 1}. Best is trial 31 with value: 0.12475905728322478.
2020-11-16 18:31:33|Trial 32 finished with value: 0.1247773040837107 and parameters: {'bagging_fraction': 0.9830548317659668, 'bagging_freq': 1}. Best is trial 31 with value: 0.12475905728322478.
2020-11-16 18:31:38|Trial 33 finished with value: 0.1247706582089757 and parameters: {'bagging_fraction': 0.9602013374250566, 'bagging_freq': 3}. Best is trial 31 with value: 0.12475905728322478.
2020-11-16 18:31:42|Trial 34 finished with value: 0.12476978272126268 and parameters: {'bagging_fraction': 0.7215399003565629, 'bagging_freq': 3}. Best is trial 31 with value: 0.12475905728322478.
2020-11-16 18:31:46|Trial 35 finished with value: 0.12478370874656125 and parameters: {'bagging_fraction': 0.8400639533063142, 'bagging_freq': 5}. Best is trial 31 with value: 0.12475905728322478.
2020-11-16 18:31:50|Trial 36 finished with value: 0.1247963015418681 and parameters: {'bagging_fraction': 0.578024293048673, 'bagging_freq': 1}. Best is trial 31 with value: 0.12475905728322478.
2020-11-16 18:31:54|Trial 37 finished with value: 0.12476582893422208 and parameters: {'feature_fraction': 0.716}. Best is trial 37 with value: 0.12476582893422208.
2020-11-16 18:31:58|Trial 38 finished with value: 0.12476266195851798 and parameters: {'feature_fraction': 0.652}. Best is trial 38 with value: 0.12476266195851798.
2020-11-16 18:32:02|Trial 39 finished with value: 0.12475522710397251 and parameters: {'feature_fraction': 0.6839999999999999}. Best is trial 39 with value: 0.12475522710397251.
2020-11-16 18:32:06|Trial 40 finished with value: 0.12477234359777489 and parameters: {'feature_fraction': 0.62}. Best is trial 39 with value: 0.12475522710397251.
2020-11-16 18:32:10|Trial 41 finished with value: 0.12474027830821086 and parameters: {'feature_fraction': 0.748}. Best is trial 41 with value: 0.12474027830821086.
2020-11-16 18:32:15|Trial 42 finished with value: 0.12475921005021175 and parameters: {'feature_fraction': 0.7799999999999999}. Best is trial 41 with value: 0.12474027830821086.
2020-11-16 18:32:19|Trial 43 finished with value: 0.12476039948203861 and parameters: {'lambda_l1': 0.051302109394167204, 'lambda_l2': 0.011464750278197135}. Best is trial 43 with value: 0.12476039948203861.
2020-11-16 18:32:23|Trial 44 finished with value: 0.12473798814460431 and parameters: {'lambda_l1': 4.2150429993421275e-08, 'lambda_l2': 4.282449003651542e-08}. Best is trial 44 with value: 0.12473798814460431.
2020-11-16 18:32:27|Trial 45 finished with value: 0.12473798814458216 and parameters: {'lambda_l1': 1.2486017508140728e-08, 'lambda_l2': 1.0670746589860321e-08}. Best is trial 45 with value: 0.12473798814458216.
2020-11-16 18:32:31|Trial 46 finished with value: 0.12473800690276639 and parameters: {'lambda_l1': 1.6546577902624927e-08, 'lambda_l2': 3.485486062724716e-08}. Best is trial 45 with value: 0.12473798814458216.
2020-11-16 18:32:35|Trial 47 finished with value: 0.12473800690275982 and parameters: {'lambda_l1': 1.0314231404177336e-08, 'lambda_l2': 1.0170549030284074e-08}. Best is trial 45 with value: 0.12473798814458216.
2020-11-16 18:32:39|Trial 48 finished with value: 0.12473800690276966 and parameters: {'lambda_l1': 2.523238326991795e-08, 'lambda_l2': 1.714028857817191e-08}. Best is trial 45 with value: 0.12473798814458216.
2020-11-16 18:32:43|Trial 49 finished with value: 0.12473798814458319 and parameters: {'lambda_l1': 1.4114533751657014e-08, 'lambda_l2': 1.3282313661392761e-08}. Best is trial 45 with value: 0.12473798814458216.
2020-11-16 18:32:47|Trial 50 finished with value: 0.12473800690276002 and parameters: {'lambda_l1': 1.0213569477372694e-08, 'lambda_l2': 1.3391336835582266e-08}. Best is trial 45 with value: 0.12473798814458216.
2020-11-16 18:32:51|Trial 51 finished with value: 0.12473798814458258 and parameters: {'lambda_l1': 1.1813421634568502e-08, 'lambda_l2': 2.096391430197619e-08}. Best is trial 45 with value: 0.12473798814458216.
2020-11-16 18:32:55|Trial 52 finished with value: 0.12473798814458883 and parameters: {'lambda_l1': 2.2105250796490646e-08, 'lambda_l2': 1.275957079005722e-08}. Best is trial 45 with value: 0.12473798814458216.
2020-11-16 18:32:59|Trial 53 finished with value: 0.12473800690292366 and parameters: {'lambda_l1': 2.6434026827494744e-07, 'lambda_l2': 4.900428312736587e-08}. Best is trial 45 with value: 0.12473798814458216.
2020-11-16 18:33:03|Trial 54 finished with value: 0.12473800690385761 and parameters: {'lambda_l1': 1.5932390647852898e-06, 'lambda_l2': 7.261390404275438e-07}. Best is trial 45 with value: 0.12473798814458216.
2020-11-16 18:33:07|Trial 55 finished with value: 0.12473798583348505 and parameters: {'lambda_l1': 1.2790342699516922e-08, 'lambda_l2': 1.3397902954186714e-06}. Best is trial 55 with value: 0.12473798583348505.
2020-11-16 18:33:11|Trial 56 finished with value: 0.12473799507750172 and parameters: {'lambda_l1': 1.0078814681727843e-08, 'lambda_l2': 2.5447790954763225e-06}. Best is trial 55 with value: 0.12473798583348505.
2020-11-16 18:33:15|Trial 57 finished with value: 0.12473798814458419 and parameters: {'lambda_l1': 1.3909248532040483e-08, 'lambda_l2': 2.090647109028073e-08}. Best is trial 55 with value: 0.12473798583348505.
2020-11-16 18:33:19|Trial 58 finished with value: 0.12473798814479113 and parameters: {'lambda_l1': 1.1112549702809402e-08, 'lambda_l2': 2.524695585332146e-06}. Best is trial 55 with value: 0.12473798583348505.
2020-11-16 18:33:23|Trial 59 finished with value: 0.12473798814612007 and parameters: {'lambda_l1': 2.349196818163659e-06, 'lambda_l2': 1.502751689992101e-08}. Best is trial 55 with value: 0.12473798583348505.
2020-11-16 18:33:27|Trial 60 finished with value: 0.12473800690291824 and parameters: {'lambda_l1': 2.0483835569786225e-07, 'lambda_l2': 4.758221930815421e-07}. Best is trial 55 with value: 0.12473798583348505.
2020-11-16 18:33:31|Trial 61 finished with value: 0.12473800690275968 and parameters: {'lambda_l1': 1.0015071646956587e-08, 'lambda_l2': 1.004509224271319e-08}. Best is trial 55 with value: 0.12473798583348505.
2020-11-16 18:33:35|Trial 62 finished with value: 0.12473798804500097 and parameters: {'lambda_l1': 1.077708458140425e-07, 'lambda_l2': 1.5460960340783622e-07}. Best is trial 55 with value: 0.12473798583348505.
2020-11-16 18:33:39|Trial 63 finished with value: 0.12474627866630378 and parameters: {'min_child_samples': 10}. Best is trial 63 with value: 0.12474627866630378.
2020-11-16 18:33:43|Trial 64 finished with value: 0.12476364141193348 and parameters: {'min_child_samples': 50}. Best is trial 63 with value: 0.12474627866630378.
2020-11-16 18:33:47|Trial 65 finished with value: 0.12474567309826512 and parameters: {'min_child_samples': 5}. Best is trial 65 with value: 0.12474567309826512.
2020-11-16 18:33:52|Trial 66 finished with value: 0.12475369350505752 and parameters: {'min_child_samples': 25}. Best is trial 65 with value: 0.12474567309826512.
2020-11-16 18:33:55|Trial 67 finished with value: 0.12477281764377357 and parameters: {'min_child_samples': 100}. Best is trial 65 with value: 0.12474567309826512.
