2020-11-16 18:15:37|Trial 53 finished with value: 0.12476121664170009 and parameters: {'lambda_l1': 1.011000696233919e-08, 'lambda_l2': 4.824773003410306e-07}. Best is trial 52 with value: 0.12476118802963958.
2020-11-16 18:15:43|Trial 54 finished with value: 0.12476121898726225 and parameters: {'lambda_l1': 1.0997548788825067e-08, 'lambda_l2': 9.817364638507748e-07}. Best is trial 52 with value: 0.12476118802963958.
2020-11-16 18:15:50|Trial 55 finished with value: 0.1247611880297297 and parameters: {'lambda_l1': 1.4501976177222265e-08, 'lambda_l2': 1.1624889552759427e-06}. Best is trial 52 with value: 0.12476118802963958.
2020-11-16 18:15:57|Trial 56 finished with value: 0.12476118804158122 and parameters: {'lambda_l1': 4.533754947343787e-05, 'lambda_l2': 1.401040371796552e-08}. Best is trial 52 with value: 0.12476118802963958.
2020-11-16 18:16:04|Trial 57 finished with value: 0.12476121899528278 and parameters: {'lambda_l1': 3.0779482624571714e-05, 'lambda_l2': 1.838718236775212e-08}. Best is trial 52 with value: 0.12476118802963958.
2020-11-16 18:16:11|Trial 58 finished with value: 0.12476118804292005 and parameters: {'lambda_l1': 4.734920503698573e-05, 'lambda_l2': 7.727847241546305e-06}. Best is trial 52 with value: 0.12476118802963958.
2020-11-16 18:16:17|Trial 59 finished with value: 0.12476121820302068 and parameters: {'lambda_l1': 3.356301041242693e-05, 'lambda_l2': 9.759344303571225e-06}. Best is trial 52 with value: 0.12476118802963958.
2020-11-16 18:16:24|Trial 60 finished with value: 0.12475933802073691 and parameters: {'min_child_samples': 100}. Best is trial 60 with value: 0.12475933802073691.
2020-11-16 18:16:31|Trial 61 finished with value: 0.12475896975705175 and parameters: {'min_child_samples': 25}. Best is trial 61 with value: 0.12475896975705175.
2020-11-16 18:16:36|Trial 62 finished with value: 0.12477611799746836 and parameters: {'min_child_samples': 5}. Best is trial 61 with value: 0.12475896975705175.
2020-11-16 18:16:42|Trial 63 finished with value: 0.12477673136908675 and parameters: {'min_child_samples': 10}. Best is trial 61 with value: 0.12475896975705175.
2020-11-16 18:16:48|Trial 64 finished with value: 0.1247751286276117 and parameters: {'min_child_samples': 50}. Best is trial 61 with value: 0.12475896975705175.
2020-11-16 18:17:09|A new study created in memory with name: no-name-1531d852-4395-4c33-9e3d-8b107a3d584e
2020-11-16 18:17:13|Trial 0 finished with value: 0.12478684071133718 and parameters: {'feature_fraction': 0.4}. Best is trial 0 with value: 0.12478684071133718.
2020-11-16 18:17:18|Trial 1 finished with value: 0.12477222675096626 and parameters: {'feature_fraction': 0.7}. Best is trial 1 with value: 0.12477222675096626.
2020-11-16 18:17:23|Trial 2 finished with value: 0.12475013636264003 and parameters: {'feature_fraction': 0.6}. Best is trial 2 with value: 0.12475013636264003.
2020-11-16 18:17:29|Trial 3 finished with value: 0.12478498630831661 and parameters: {'feature_fraction': 1.0}. Best is trial 2 with value: 0.12475013636264003.
2020-11-16 18:17:35|Trial 4 finished with value: 0.12478784226682965 and parameters: {'feature_fraction': 0.8999999999999999}. Best is trial 2 with value: 0.12475013636264003.
2020-11-16 18:17:40|Trial 5 finished with value: 0.12478784143244895 and parameters: {'feature_fraction': 0.8}. Best is trial 2 with value: 0.12475013636264003.
2020-11-16 18:17:45|Trial 6 finished with value: 0.12476815468760387 and parameters: {'feature_fraction': 0.5}. Best is trial 2 with value: 0.12475013636264003.
2020-11-16 18:17:50|Trial 7 finished with value: 0.12476036117605331 and parameters: {'num_leaves': 34}. Best is trial 7 with value: 0.12476036117605331.
2020-11-16 18:17:55|Trial 8 finished with value: 0.12480561259653052 and parameters: {'num_leaves': 149}. Best is trial 7 with value: 0.12476036117605331.
2020-11-16 18:18:00|Trial 9 finished with value: 0.12478397386090394 and parameters: {'num_leaves': 77}. Best is trial 7 with value: 0.12476036117605331.
2020-11-16 18:18:06|Trial 10 finished with value: 0.12483669332733686 and parameters: {'num_leaves': 253}. Best is trial 7 with value: 0.12476036117605331.
2020-11-16 18:18:11|Trial 11 finished with value: 0.12476043130257117 and parameters: {'num_leaves': 9}. Best is trial 7 with value: 0.12476036117605331.
2020-11-16 18:18:16|Trial 12 finished with value: 0.12475917735563234 and parameters: {'num_leaves': 15}. Best is trial 12 with value: 0.12475917735563234.
2020-11-16 18:18:22|Trial 13 finished with value: 0.12480801944740136 and parameters: {'num_leaves': 156}. Best is trial 12 with value: 0.12475917735563234.
2020-11-16 18:18:27|Trial 14 finished with value: 0.12483748833084644 and parameters: {'num_leaves': 233}. Best is trial 12 with value: 0.12475917735563234.
2020-11-16 18:18:32|Trial 15 finished with value: 0.12479237964371757 and parameters: {'num_leaves': 70}. Best is trial 12 with value: 0.12475917735563234.
2020-11-16 18:18:37|Trial 16 finished with value: 0.12482362340029302 and parameters: {'num_leaves': 199}. Best is trial 12 with value: 0.12475917735563234.
2020-11-16 18:18:43|Trial 17 finished with value: 0.12477538243326204 and parameters: {'num_leaves': 89}. Best is trial 12 with value: 0.12475917735563234.
2020-11-16 18:18:50|Trial 18 finished with value: 0.12474637094212841 and parameters: {'num_leaves': 7}. Best is trial 18 with value: 0.12474637094212841.
2020-11-16 18:18:55|Trial 19 finished with value: 0.12480389594445337 and parameters: {'num_leaves': 119}. Best is trial 18 with value: 0.12474637094212841.
2020-11-16 18:19:00|Trial 20 finished with value: 0.12476605019350506 and parameters: {'num_leaves': 48}. Best is trial 18 with value: 0.12474637094212841.
2020-11-16 18:19:09|Trial 21 finished with value: 0.1247641250820772 and parameters: {'num_leaves': 3}. Best is trial 18 with value: 0.12474637094212841.
2020-11-16 18:19:15|Trial 22 finished with value: 0.12476306994070267 and parameters: {'num_leaves': 8}. Best is trial 18 with value: 0.12474637094212841.
2020-11-16 18:19:20|Trial 23 finished with value: 0.12476240294293883 and parameters: {'num_leaves': 35}. Best is trial 18 with value: 0.12474637094212841.
2020-11-16 18:19:25|Trial 24 finished with value: 0.12478897810123217 and parameters: {'num_leaves': 109}. Best is trial 18 with value: 0.12474637094212841.
2020-11-16 18:19:30|Trial 25 finished with value: 0.12481014826129243 and parameters: {'num_leaves': 2}. Best is trial 18 with value: 0.12474637094212841.
2020-11-16 18:19:34|Trial 26 finished with value: 0.124789400177196 and parameters: {'num_leaves': 55}. Best is trial 18 with value: 0.12474637094212841.
2020-11-16 18:19:38|Trial 27 finished with value: 0.12479374361792497 and parameters: {'bagging_fraction': 0.41649769720057794, 'bagging_freq': 6}. Best is trial 27 with value: 0.12479374361792497.
2020-11-16 18:19:48|Trial 28 finished with value: 0.1247723746166525 and parameters: {'bagging_fraction': 0.9857507707664934, 'bagging_freq': 1}. Best is trial 28 with value: 0.1247723746166525.
2020-11-16 18:19:53|Trial 29 finished with value: 0.1247771096728831 and parameters: {'bagging_fraction': 0.7205004436725163, 'bagging_freq': 1}. Best is trial 28 with value: 0.1247723746166525.
2020-11-16 18:19:57|Trial 30 finished with value: 0.1247966196801767 and parameters: {'bagging_fraction': 0.4233433980509663, 'bagging_freq': 7}. Best is trial 28 with value: 0.1247723746166525.
2020-11-16 18:20:07|Trial 31 finished with value: 0.1247577363214031 and parameters: {'bagging_fraction': 0.98333765730652, 'bagging_freq': 4}. Best is trial 31 with value: 0.1247577363214031.
2020-11-16 18:20:17|Trial 32 finished with value: 0.12475480965217005 and parameters: {'bagging_fraction': 0.9995159028246737, 'bagging_freq': 4}. Best is trial 32 with value: 0.12475480965217005.
2020-11-16 18:20:24|Trial 33 finished with value: 0.12475898830749571 and parameters: {'bagging_fraction': 0.998058997066448, 'bagging_freq': 4}. Best is trial 32 with value: 0.12475480965217005.
2020-11-16 18:20:31|Trial 34 finished with value: 0.12475023574139901 and parameters: {'bagging_fraction': 0.8332725666534213, 'bagging_freq': 4}. Best is trial 34 with value: 0.12475023574139901.
2020-11-16 18:20:38|Trial 35 finished with value: 0.12475889524142203 and parameters: {'bagging_fraction': 0.7981589511705176, 'bagging_freq': 3}. Best is trial 34 with value: 0.12475023574139901.
2020-11-16 18:20:43|Trial 36 finished with value: 0.12476889599769522 and parameters: {'bagging_fraction': 0.8366343314562295, 'bagging_freq': 5}. Best is trial 34 with value: 0.12475023574139901.
2020-11-16 18:20:49|Trial 37 finished with value: 0.12476022312777409 and parameters: {'feature_fraction': 0.552}. Best is trial 37 with value: 0.12476022312777409.
2020-11-16 18:20:54|Trial 38 finished with value: 0.12474555720275377 and parameters: {'feature_fraction': 0.616}. Best is trial 38 with value: 0.12474555720275377.
2020-11-16 18:21:02|Trial 39 finished with value: 0.12473416811601486 and parameters: {'feature_fraction': 0.584}. Best is trial 39 with value: 0.12473416811601486.
2020-11-16 18:21:09|Trial 40 finished with value: 0.12475085607877422 and parameters: {'feature_fraction': 0.52}. Best is trial 39 with value: 0.12473416811601486.
2020-11-16 18:21:16|Trial 41 finished with value: 0.12475020206816191 and parameters: {'feature_fraction': 0.6799999999999999}. Best is trial 39 with value: 0.12473416811601486.
2020-11-16 18:21:22|Trial 42 finished with value: 0.12475850562105559 and parameters: {'feature_fraction': 0.6479999999999999}. Best is trial 39 with value: 0.12473416811601486.
2020-11-16 18:21:27|Trial 43 finished with value: 0.1247632697463864 and parameters: {'lambda_l1': 2.0042830799608633, 'lambda_l2': 0.0007733869243918398}. Best is trial 43 with value: 0.1247632697463864.
2020-11-16 18:21:35|Trial 44 finished with value: 0.12474728141465326 and parameters: {'lambda_l1': 1.9928500434909036e-08, 'lambda_l2': 9.159940372961898}. Best is trial 44 with value: 0.12474728141465326.
2020-11-16 18:21:40|Trial 45 finished with value: 0.12475822152113798 and parameters: {'lambda_l1': 2.0783759132778544e-08, 'lambda_l2': 1.9309850836908269}. Best is trial 44 with value: 0.12474728141465326.
2020-11-16 18:21:46|Trial 46 finished with value: 0.12476655114206281 and parameters: {'lambda_l1': 1.4455854355660885e-08, 'lambda_l2': 4.98180898607178}. Best is trial 44 with value: 0.12474728141465326.
2020-11-16 18:21:53|Trial 47 finished with value: 0.12473414647789739 and parameters: {'lambda_l1': 0.00010444598114547051, 'lambda_l2': 4.638278108091634e-08}. Best is trial 47 with value: 0.12473414647789739.
2020-11-16 18:22:00|Trial 48 finished with value: 0.12473416511257082 and parameters: {'lambda_l1': 0.00014028459632149513, 'lambda_l2': 3.072977870641052e-08}. Best is trial 47 with value: 0.12473414647789739.
2020-11-16 18:22:07|Trial 49 finished with value: 0.12473417438232326 and parameters: {'lambda_l1': 0.00019816412678924606, 'lambda_l2': 3.3916454087583e-08}. Best is trial 47 with value: 0.12473414647789739.
2020-11-16 18:22:15|Trial 50 finished with value: 0.12473415787391605 and parameters: {'lambda_l1': 0.0004835191478633905, 'lambda_l2': 1.4773585700690154e-08}. Best is trial 47 with value: 0.12473414647789739.
2020-11-16 18:22:22|Trial 51 finished with value: 0.12473416673438775 and parameters: {'lambda_l1': 0.00034620238814816404, 'lambda_l2': 1.036642212037787e-08}. Best is trial 47 with value: 0.12473414647789739.
2020-11-16 18:22:29|Trial 52 finished with value: 0.12473416672825985 and parameters: {'lambda_l1': 0.00039452649904368775, 'lambda_l2': 1.6214512315411657e-08}. Best is trial 47 with value: 0.12473414647789739.
2020-11-16 18:22:36|Trial 53 finished with value: 0.12473417787908868 and parameters: {'lambda_l1': 0.0003587153147388632, 'lambda_l2': 1.7586865343733425e-08}. Best is trial 47 with value: 0.12473414647789739.
2020-11-16 18:22:43|Trial 54 finished with value: 0.12473416675018179 and parameters: {'lambda_l1': 0.00022260904732282372, 'lambda_l2': 1.4534992027089095e-08}. Best is trial 47 with value: 0.12473414647789739.
2020-11-16 18:22:51|Trial 55 finished with value: 0.12473418977454835 and parameters: {'lambda_l1': 0.0002925892828312782, 'lambda_l2': 1.80523686078429e-08}. Best is trial 47 with value: 0.12473414647789739.
2020-11-16 18:22:58|Trial 56 finished with value: 0.12473416331240832 and parameters: {'lambda_l1': 0.00014939931581081864, 'lambda_l2': 1.6285070556104687e-08}. Best is trial 47 with value: 0.12473414647789739.
2020-11-16 18:23:05|Trial 57 finished with value: 0.12473416689187289 and parameters: {'lambda_l1': 2.6748697398146894e-05, 'lambda_l2': 6.691100044331945e-07}. Best is trial 47 with value: 0.12473414647789739.
2020-11-16 18:23:12|Trial 58 finished with value: 0.12473416190996645 and parameters: {'lambda_l1': 0.0063319507239335115, 'lambda_l2': 3.6377106745318157e-07}. Best is trial 47 with value: 0.12473414647789739.
2020-11-16 18:23:20|Trial 59 finished with value: 0.12473417063557592 and parameters: {'lambda_l1': 0.014910676777080635, 'lambda_l2': 9.183523955901491e-07}. Best is trial 47 with value: 0.12473414647789739.
2020-11-16 18:23:27|Trial 60 finished with value: 0.1247341653325429 and parameters: {'lambda_l1': 0.00786940882189421, 'lambda_l2': 4.912079949049812e-07}. Best is trial 47 with value: 0.12473414647789739.
2020-11-16 18:23:34|Trial 61 finished with value: 0.12473416382988228 and parameters: {'lambda_l1': 0.020131247648315274, 'lambda_l2': 3.214113777152198e-07}. Best is trial 47 with value: 0.12473414647789739.
2020-11-16 18:23:41|Trial 62 finished with value: 0.12473408345100258 and parameters: {'lambda_l1': 0.03574160148598284, 'lambda_l2': 6.332265637869779e-07}. Best is trial 62 with value: 0.12473408345100258.
2020-11-16 18:23:47|Trial 63 finished with value: 0.12473719335492574 and parameters: {'min_child_samples': 5}. Best is trial 63 with value: 0.12473719335492574.
2020-11-16 18:23:54|Trial 64 finished with value: 0.12476485432721593 and parameters: {'min_child_samples': 100}. Best is trial 63 with value: 0.12473719335492574.
2020-11-16 18:23:59|Trial 65 finished with value: 0.12476698471693805 and parameters: {'min_child_samples': 50}. Best is trial 63 with value: 0.12473719335492574.
2020-11-16 18:24:06|Trial 66 finished with value: 0.1247356157577701 and parameters: {'min_child_samples': 10}. Best is trial 66 with value: 0.1247356157577701.
2020-11-16 18:24:14|Trial 67 finished with value: 0.12473417384552006 and parameters: {'min_child_samples': 25}. Best is trial 67 with value: 0.12473417384552006.
2020-11-16 18:24:32|A new study created in memory with name: no-name-ed15f8d0-ef0b-4f39-965d-a81fc4ae710d
2020-11-16 18:24:37|Trial 0 finished with value: 0.12478859865134836 and parameters: {'feature_fraction': 0.6}. Best is trial 0 with value: 0.12478859865134836.
2020-11-16 18:24:42|Trial 1 finished with value: 0.12478944066926859 and parameters: {'feature_fraction': 0.5}. Best is trial 0 with value: 0.12478859865134836.
2020-11-16 18:24:47|Trial 2 finished with value: 0.12478711017314387 and parameters: {'feature_fraction': 0.7}. Best is trial 2 with value: 0.12478711017314387.
2020-11-16 18:24:52|Trial 3 finished with value: 0.1247934120027186 and parameters: {'feature_fraction': 0.8}. Best is trial 2 with value: 0.12478711017314387.
2020-11-16 18:24:58|Trial 4 finished with value: 0.12478213444909989 and parameters: {'feature_fraction': 1.0}. Best is trial 4 with value: 0.12478213444909989.
2020-11-16 18:25:03|Trial 5 finished with value: 0.12478470309548956 and parameters: {'feature_fraction': 0.8999999999999999}. Best is trial 4 with value: 0.12478213444909989.
2020-11-16 18:25:07|Trial 6 finished with value: 0.12476638433458784 and parameters: {'feature_fraction': 0.4}. Best is trial 6 with value: 0.12476638433458784.
2020-11-16 18:25:11|Trial 7 finished with value: 0.12483086426688798 and parameters: {'num_leaves': 173}. Best is trial 7 with value: 0.12483086426688798.
2020-11-16 18:25:15|Trial 8 finished with value: 0.12483144724185527 and parameters: {'num_leaves': 241}. Best is trial 7 with value: 0.12483086426688798.
2020-11-16 18:25:19|Trial 9 finished with value: 0.12477483943597109 and parameters: {'num_leaves': 8}. Best is trial 9 with value: 0.12477483943597109.
2020-11-16 18:25:23|Trial 10 finished with value: 0.12481558328018533 and parameters: {'num_leaves': 2}. Best is trial 9 with value: 0.12477483943597109.
2020-11-16 18:25:29|Trial 11 finished with value: 0.1247733365677438 and parameters: {'num_leaves': 3}. Best is trial 11 with value: 0.1247733365677438.
2020-11-16 18:25:33|Trial 12 finished with value: 0.12481081280936018 and parameters: {'num_leaves': 75}. Best is trial 11 with value: 0.1247733365677438.
2020-11-16 18:25:36|Trial 13 finished with value: 0.12483125772964439 and parameters: {'num_leaves': 96}. Best is trial 11 with value: 0.1247733365677438.
2020-11-16 18:25:40|Trial 14 finished with value: 0.12479244715641594 and parameters: {'num_leaves': 40}. Best is trial 11 with value: 0.1247733365677438.
2020-11-16 18:25:44|Trial 15 finished with value: 0.12483123799715218 and parameters: {'num_leaves': 169}. Best is trial 11 with value: 0.1247733365677438.
2020-11-16 18:25:48|Trial 16 finished with value: 0.12482986795842498 and parameters: {'num_leaves': 250}. Best is trial 11 with value: 0.1247733365677438.
2020-11-16 18:25:51|Trial 17 finished with value: 0.12483172827343393 and parameters: {'num_leaves': 147}. Best is trial 11 with value: 0.1247733365677438.
2020-11-16 18:25:55|Trial 18 finished with value: 0.12479023120364412 and parameters: {'num_leaves': 50}. Best is trial 11 with value: 0.1247733365677438.
2020-11-16 18:25:59|Trial 19 finished with value: 0.12483285268909625 and parameters: {'num_leaves': 209}. Best is trial 11 with value: 0.1247733365677438.
2020-11-16 18:26:03|Trial 20 finished with value: 0.12482853894892892 and parameters: {'num_leaves': 108}. Best is trial 11 with value: 0.1247733365677438.
2020-11-16 18:26:07|Trial 21 finished with value: 0.12477483943597106 and parameters: {'num_leaves': 8}. Best is trial 11 with value: 0.1247733365677438.
2020-11-16 18:26:10|Trial 22 finished with value: 0.12478795069711315 and parameters: {'num_leaves': 27}. Best is trial 11 with value: 0.1247733365677438.
2020-11-16 18:26:16|Trial 23 finished with value: 0.1247733365677438 and parameters: {'num_leaves': 3}. Best is trial 11 with value: 0.1247733365677438.
2020-11-16 18:26:20|Trial 24 finished with value: 0.12480168499326183 and parameters: {'num_leaves': 61}. Best is trial 11 with value: 0.1247733365677438.
2020-11-16 18:26:24|Trial 25 finished with value: 0.12478949709546389 and parameters: {'num_leaves': 25}. Best is trial 11 with value: 0.1247733365677438.
2020-11-16 18:26:28|Trial 26 finished with value: 0.12482414181811836 and parameters: {'num_leaves': 80}. Best is trial 11 with value: 0.1247733365677438.
2020-11-16 18:26:31|Trial 27 finished with value: 0.12479178323319164 and parameters: {'bagging_fraction': 0.8389679292955105, 'bagging_freq': 6}. Best is trial 27 with value: 0.12479178323319164.
2020-11-16 18:26:34|Trial 28 finished with value: 0.12483021760309411 and parameters: {'bagging_fraction': 0.4246361304289166, 'bagging_freq': 1}. Best is trial 27 with value: 0.12479178323319164.
2020-11-16 18:26:37|Trial 29 finished with value: 0.12481344983955091 and parameters: {'bagging_fraction': 0.452674777266316, 'bagging_freq': 1}. Best is trial 27 with value: 0.12479178323319164.
2020-11-16 18:26:41|Trial 30 finished with value: 0.12480123731262849 and parameters: {'bagging_fraction': 0.9772748207310429, 'bagging_freq': 7}. Best is trial 27 with value: 0.12479178323319164.
2020-11-16 18:26:44|Trial 31 finished with value: 0.12481906692605073 and parameters: {'bagging_fraction': 0.6689024869556016, 'bagging_freq': 4}. Best is trial 27 with value: 0.12479178323319164.
2020-11-16 18:26:47|Trial 32 finished with value: 0.12481609288025391 and parameters: {'bagging_fraction': 0.6203332210431447, 'bagging_freq': 4}. Best is trial 27 with value: 0.12479178323319164.
2020-11-16 18:26:52|Trial 33 finished with value: 0.12478021061943347 and parameters: {'bagging_fraction': 0.9884654904793209, 'bagging_freq': 2}. Best is trial 33 with value: 0.12478021061943347.
2020-11-16 18:26:56|Trial 34 finished with value: 0.12479512410345193 and parameters: {'bagging_fraction': 0.845473363034903, 'bagging_freq': 6}. Best is trial 33 with value: 0.12478021061943347.
2020-11-16 18:26:59|Trial 35 finished with value: 0.12482306304770173 and parameters: {'bagging_fraction': 0.5386531401728072, 'bagging_freq': 3}. Best is trial 33 with value: 0.12478021061943347.
2020-11-16 18:27:02|Trial 36 finished with value: 0.12479306553474612 and parameters: {'bagging_fraction': 0.7942371548474106, 'bagging_freq': 5}. Best is trial 33 with value: 0.12478021061943347.
2020-11-16 18:27:06|Trial 37 finished with value: 0.12476252830251015 and parameters: {'feature_fraction': 0.41600000000000004}. Best is trial 37 with value: 0.12476252830251015.
2020-11-16 18:27:10|Trial 38 finished with value: 0.12476951540467256 and parameters: {'feature_fraction': 0.44800000000000006}. Best is trial 37 with value: 0.12476252830251015.
2020-11-16 18:27:15|Trial 39 finished with value: 0.12480052733870169 and parameters: {'feature_fraction': 0.48000000000000004}. Best is trial 37 with value: 0.12476252830251015.
2020-11-16 18:27:18|Trial 40 finished with value: 0.12478734290508811 and parameters: {'lambda_l1': 0.05100702026379994, 'lambda_l2': 0.0015336923402768188}. Best is trial 40 with value: 0.12478734290508811.
2020-11-16 18:27:22|Trial 41 finished with value: 0.12476252830249247 and parameters: {'lambda_l1': 1.5515754099831924e-08, 'lambda_l2': 1.7019142652797477e-08}. Best is trial 41 with value: 0.12476252830249247.
