2020-11-18 14:41:23|A new study created in memory with name: no-name-d25b0605-8a87-4aa2-bb66-f08d0c2bb3c1
2020-11-18 14:41:44|Trial 0 finished with value: 0.12542338928445598 and parameters: {'max_depth': 27, 'min_samples_leaf': 0.18458145996670086}. Best is trial 0 with value: 0.12542338928445598.
2020-11-18 14:42:14|Trial 1 finished with value: 0.12548924031891287 and parameters: {'max_depth': 13, 'min_samples_leaf': 0.15804856578864662}. Best is trial 0 with value: 0.12542338928445598.
2020-11-18 14:43:07|Trial 2 finished with value: 0.12564172282541386 and parameters: {'max_depth': 27, 'min_samples_leaf': 0.07411693673727028}. Best is trial 0 with value: 0.12542338928445598.
2020-11-18 14:43:08|Trial 3 finished with value: 0.12483570216753856 and parameters: {'max_depth': 13, 'min_samples_leaf': 0.4323262152672205}. Best is trial 3 with value: 0.12483570216753856.
2020-11-18 14:44:32|Trial 4 finished with value: 0.1259095854236024 and parameters: {'max_depth': 13, 'min_samples_leaf': 0.030005270118356166}. Best is trial 3 with value: 0.12483570216753856.
2020-11-18 14:45:03|Trial 5 finished with value: 0.1255228207822971 and parameters: {'max_depth': 13, 'min_samples_leaf': 0.14537639443809622}. Best is trial 3 with value: 0.12483570216753856.
2020-11-18 14:46:00|Trial 6 finished with value: 0.12567028886273962 and parameters: {'max_depth': 23, 'min_samples_leaf': 0.06476872931102942}. Best is trial 3 with value: 0.12483570216753856.
2020-11-18 14:46:19|Trial 7 finished with value: 0.12542168659356273 and parameters: {'max_depth': 7, 'min_samples_leaf': 0.21513247973303326}. Best is trial 3 with value: 0.12483570216753856.
2020-11-18 14:46:38|Trial 8 finished with value: 0.12545229519106366 and parameters: {'max_depth': 25, 'min_samples_leaf': 0.21834344625117086}. Best is trial 3 with value: 0.12483570216753856.
2020-11-18 14:46:39|Trial 9 finished with value: 0.12483570884699029 and parameters: {'max_depth': 21, 'min_samples_leaf': 0.3834417503092402}. Best is trial 3 with value: 0.12483570216753856.
2020-11-18 14:46:40|Trial 10 finished with value: 0.1248357018632887 and parameters: {'max_depth': 3, 'min_samples_leaf': 0.47788576579585695}. Best is trial 10 with value: 0.1248357018632887.
2020-11-18 14:46:41|Trial 11 finished with value: 0.12483571091082228 and parameters: {'max_depth': 5, 'min_samples_leaf': 0.4527609281592816}. Best is trial 10 with value: 0.1248357018632887.
2020-11-18 14:46:42|Trial 12 finished with value: 0.12483570583767548 and parameters: {'max_depth': 3, 'min_samples_leaf': 0.3388359959514833}. Best is trial 10 with value: 0.1248357018632887.
2020-11-18 14:46:42|Trial 13 finished with value: 0.1248357082476461 and parameters: {'max_depth': 9, 'min_samples_leaf': 0.4744760819272006}. Best is trial 10 with value: 0.1248357018632887.
2020-11-18 14:46:43|Trial 14 finished with value: 0.1248357184146656 and parameters: {'max_depth': 19, 'min_samples_leaf': 0.31739056545727584}. Best is trial 10 with value: 0.1248357018632887.
2020-11-18 14:46:44|Trial 15 finished with value: 0.12483570262019998 and parameters: {'max_depth': 17, 'min_samples_leaf': 0.4922779401695641}. Best is trial 10 with value: 0.1248357018632887.
2020-11-18 14:46:45|Trial 16 finished with value: 0.12483570314284773 and parameters: {'max_depth': 9, 'min_samples_leaf': 0.406178433478795}. Best is trial 10 with value: 0.1248357018632887.
2020-11-18 14:47:03|Trial 17 finished with value: 0.12554818884917865 and parameters: {'max_depth': 3, 'min_samples_leaf': 0.29962832938747946}. Best is trial 10 with value: 0.1248357018632887.
2020-11-18 14:47:04|Trial 18 finished with value: 0.12483570282091382 and parameters: {'max_depth': 11, 'min_samples_leaf': 0.42846927462494105}. Best is trial 10 with value: 0.1248357018632887.
2020-11-18 14:47:05|Trial 19 finished with value: 0.12483570412464132 and parameters: {'max_depth': 17, 'min_samples_leaf': 0.4953027639440145}. Best is trial 10 with value: 0.1248357018632887.
2020-11-18 14:47:06|Trial 20 finished with value: 0.12483570189290417 and parameters: {'max_depth': 5, 'min_samples_leaf': 0.3930849513715274}. Best is trial 10 with value: 0.1248357018632887.
2020-11-18 14:47:07|Trial 21 finished with value: 0.12483570331494756 and parameters: {'max_depth': 5, 'min_samples_leaf': 0.3658594952440323}. Best is trial 10 with value: 0.1248357018632887.
2020-11-18 14:47:07|Trial 22 finished with value: 0.12483570468187138 and parameters: {'max_depth': 3, 'min_samples_leaf': 0.4469988052210354}. Best is trial 10 with value: 0.1248357018632887.
2020-11-18 14:47:26|Trial 23 finished with value: 0.12547688780692723 and parameters: {'max_depth': 7, 'min_samples_leaf': 0.2690699371445356}. Best is trial 10 with value: 0.1248357018632887.
2020-11-18 14:47:27|Trial 24 finished with value: 0.1248357039324586 and parameters: {'max_depth': 7, 'min_samples_leaf': 0.4085494794646489}. Best is trial 10 with value: 0.1248357018632887.
2020-11-18 14:47:28|Trial 25 finished with value: 0.12483570501840872 and parameters: {'max_depth': 11, 'min_samples_leaf': 0.4995236243028556}. Best is trial 10 with value: 0.1248357018632887.
2020-11-18 14:47:29|Trial 26 finished with value: 0.12483570191667188 and parameters: {'max_depth': 5, 'min_samples_leaf': 0.3594075959737409}. Best is trial 10 with value: 0.1248357018632887.
2020-11-18 14:47:29|Trial 27 finished with value: 0.12483570713996016 and parameters: {'max_depth': 5, 'min_samples_leaf': 0.3544634555275114}. Best is trial 10 with value: 0.1248357018632887.
2020-11-18 14:47:30|Trial 28 finished with value: 0.12483570487602132 and parameters: {'max_depth': 3, 'min_samples_leaf': 0.3241007050533111}. Best is trial 10 with value: 0.1248357018632887.
2020-11-18 14:47:49|Trial 29 finished with value: 0.1255271746290764 and parameters: {'max_depth': 9, 'min_samples_leaf': 0.28494274697068844}. Best is trial 10 with value: 0.1248357018632887.
2020-11-18 14:47:50|Trial 30 finished with value: 0.12483570772859168 and parameters: {'max_depth': 5, 'min_samples_leaf': 0.3838068457367843}. Best is trial 10 with value: 0.1248357018632887.
2020-11-18 14:47:51|Trial 31 finished with value: 0.12483571381232539 and parameters: {'max_depth': 15, 'min_samples_leaf': 0.4607639714510034}. Best is trial 10 with value: 0.1248357018632887.
2020-11-18 14:47:51|Trial 32 finished with value: 0.12483571423851053 and parameters: {'max_depth': 7, 'min_samples_leaf': 0.42312174287175935}. Best is trial 10 with value: 0.1248357018632887.
2020-11-18 14:47:52|Trial 33 finished with value: 0.12483570203269713 and parameters: {'max_depth': 29, 'min_samples_leaf': 0.39199012558461466}. Best is trial 10 with value: 0.1248357018632887.
2020-11-18 14:47:53|Trial 34 finished with value: 0.12483570861522791 and parameters: {'max_depth': 29, 'min_samples_leaf': 0.3824598351287081}. Best is trial 10 with value: 0.1248357018632887.
2020-11-18 14:47:54|Trial 35 finished with value: 0.12483570605834175 and parameters: {'max_depth': 29, 'min_samples_leaf': 0.34921535607406207}. Best is trial 10 with value: 0.1248357018632887.
2020-11-18 14:47:54|Trial 36 finished with value: 0.12483570207251818 and parameters: {'max_depth': 3, 'min_samples_leaf': 0.3994295196967278}. Best is trial 10 with value: 0.1248357018632887.
2020-11-18 14:47:55|Trial 37 finished with value: 0.12483570178565884 and parameters: {'max_depth': 27, 'min_samples_leaf': 0.4436083278094651}. Best is trial 37 with value: 0.12483570178565884.
2020-11-18 14:47:56|Trial 38 finished with value: 0.12483570653899001 and parameters: {'max_depth': 23, 'min_samples_leaf': 0.4751285530929747}. Best is trial 37 with value: 0.12483570178565884.
2020-11-18 14:47:57|Trial 39 finished with value: 0.12483570252987891 and parameters: {'max_depth': 11, 'min_samples_leaf': 0.43651404135507077}. Best is trial 37 with value: 0.12483570178565884.
2020-11-18 14:48:16|Trial 40 finished with value: 0.1254389423280164 and parameters: {'max_depth': 27, 'min_samples_leaf': 0.22693494477008508}. Best is trial 37 with value: 0.12483570178565884.
2020-11-18 14:48:17|Trial 41 finished with value: 0.12483570169245056 and parameters: {'max_depth': 27, 'min_samples_leaf': 0.4152028340425249}. Best is trial 41 with value: 0.12483570169245056.
2020-11-18 14:48:17|Trial 42 finished with value: 0.12483570288991465 and parameters: {'max_depth': 25, 'min_samples_leaf': 0.4671726044648039}. Best is trial 41 with value: 0.12483570169245056.
2020-11-18 14:48:18|Trial 43 finished with value: 0.12483570562396537 and parameters: {'max_depth': 27, 'min_samples_leaf': 0.421747123586783}. Best is trial 41 with value: 0.12483570169245056.
2020-11-18 14:48:59|Trial 44 finished with value: 0.12567760995344662 and parameters: {'max_depth': 25, 'min_samples_leaf': 0.12427488969089276}. Best is trial 41 with value: 0.12483570169245056.
2020-11-18 14:48:59|Trial 45 finished with value: 0.12483570213678848 and parameters: {'max_depth': 21, 'min_samples_leaf': 0.36951406034281237}. Best is trial 41 with value: 0.12483570169245056.
2020-11-18 14:49:00|Trial 46 finished with value: 0.12483570176732521 and parameters: {'max_depth': 23, 'min_samples_leaf': 0.446465688342464}. Best is trial 41 with value: 0.12483570169245056.
2020-11-18 14:49:01|Trial 47 finished with value: 0.1248357018289921 and parameters: {'max_depth': 23, 'min_samples_leaf': 0.47990066631484485}. Best is trial 41 with value: 0.12483570169245056.
2020-11-18 14:49:02|Trial 48 finished with value: 0.12483570614913816 and parameters: {'max_depth': 23, 'min_samples_leaf': 0.4784465211233881}. Best is trial 41 with value: 0.12483570169245056.
2020-11-18 14:49:03|Trial 49 finished with value: 0.12483570230033125 and parameters: {'max_depth': 21, 'min_samples_leaf': 0.4501402923801343}. Best is trial 41 with value: 0.12483570169245056.
2020-11-18 14:49:04|Trial 50 finished with value: 0.12483570231959562 and parameters: {'max_depth': 23, 'min_samples_leaf': 0.49378012103540647}. Best is trial 41 with value: 0.12483570169245056.
2020-11-18 14:49:04|Trial 51 finished with value: 0.12483571455085295 and parameters: {'max_depth': 27, 'min_samples_leaf': 0.4432336315146833}. Best is trial 41 with value: 0.12483570169245056.
2020-11-18 14:49:05|Trial 52 finished with value: 0.1248357016882012 and parameters: {'max_depth': 25, 'min_samples_leaf': 0.4173212842148897}. Best is trial 52 with value: 0.1248357016882012.
2020-11-18 14:49:06|Trial 53 finished with value: 0.1248357206172905 and parameters: {'max_depth': 25, 'min_samples_leaf': 0.4185314668373259}. Best is trial 52 with value: 0.1248357016882012.
2020-11-18 14:49:07|Trial 54 finished with value: 0.12483570182307709 and parameters: {'max_depth': 25, 'min_samples_leaf': 0.47227223547792274}. Best is trial 52 with value: 0.1248357016882012.
2020-11-18 14:49:08|Trial 55 finished with value: 0.12483570235874757 and parameters: {'max_depth': 25, 'min_samples_leaf': 0.46341898709907003}. Best is trial 52 with value: 0.1248357016882012.
2020-11-18 14:49:09|Trial 56 finished with value: 0.12483570463076965 and parameters: {'max_depth': 19, 'min_samples_leaf': 0.49964504378467595}. Best is trial 52 with value: 0.1248357016882012.
2020-11-18 14:49:09|Trial 57 finished with value: 0.12483570613382987 and parameters: {'max_depth': 23, 'min_samples_leaf': 0.4412672991968884}. Best is trial 52 with value: 0.1248357016882012.
2020-11-18 14:49:10|Trial 58 finished with value: 0.12483570322201522 and parameters: {'max_depth': 27, 'min_samples_leaf': 0.4803513164725016}. Best is trial 52 with value: 0.1248357016882012.
2020-11-18 14:49:11|Trial 59 finished with value: 0.12483570573423877 and parameters: {'max_depth': 27, 'min_samples_leaf': 0.4148507951863713}. Best is trial 52 with value: 0.1248357016882012.
2020-11-18 14:49:12|Trial 60 finished with value: 0.12483570215790095 and parameters: {'max_depth': 19, 'min_samples_leaf': 0.4580063194366898}. Best is trial 52 with value: 0.1248357016882012.
2020-11-18 14:49:13|Trial 61 finished with value: 0.12483570348560138 and parameters: {'max_depth': 29, 'min_samples_leaf': 0.48227029231362756}. Best is trial 52 with value: 0.1248357016882012.
2020-11-18 14:49:13|Trial 62 finished with value: 0.12483570192238393 and parameters: {'max_depth': 25, 'min_samples_leaf': 0.4338515890279474}. Best is trial 52 with value: 0.1248357016882012.
2020-11-18 14:49:14|Trial 63 finished with value: 0.12483570320289923 and parameters: {'max_depth': 23, 'min_samples_leaf': 0.4985652200931355}. Best is trial 52 with value: 0.1248357016882012.
2020-11-18 14:49:15|Trial 64 finished with value: 0.12483570929670161 and parameters: {'max_depth': 25, 'min_samples_leaf': 0.4586508226653861}. Best is trial 52 with value: 0.1248357016882012.
2020-11-18 14:49:16|Trial 65 finished with value: 0.12483572921797982 and parameters: {'max_depth': 21, 'min_samples_leaf': 0.40431090461617636}. Best is trial 52 with value: 0.1248357016882012.
2020-11-18 14:49:17|Trial 66 finished with value: 0.12483570337307764 and parameters: {'max_depth': 27, 'min_samples_leaf': 0.4315401050574578}. Best is trial 52 with value: 0.1248357016882012.
2020-11-18 14:49:18|Trial 67 finished with value: 0.12483570428686508 and parameters: {'max_depth': 21, 'min_samples_leaf': 0.49011775100647803}. Best is trial 52 with value: 0.1248357016882012.
2020-11-18 14:49:18|Trial 68 finished with value: 0.12483570303071888 and parameters: {'max_depth': 29, 'min_samples_leaf': 0.44909583209205584}. Best is trial 52 with value: 0.1248357016882012.
2020-11-18 14:49:19|Trial 69 finished with value: 0.12483572350897532 and parameters: {'max_depth': 23, 'min_samples_leaf': 0.33338700154511003}. Best is trial 52 with value: 0.1248357016882012.
2020-11-18 14:49:20|Trial 70 finished with value: 0.12483570216051988 and parameters: {'max_depth': 25, 'min_samples_leaf': 0.3754707476275185}. Best is trial 52 with value: 0.1248357016882012.
2020-11-18 14:49:21|Trial 71 finished with value: 0.12483570432362649 and parameters: {'max_depth': 27, 'min_samples_leaf': 0.39317138062072216}. Best is trial 52 with value: 0.1248357016882012.
2020-11-18 14:49:22|Trial 72 finished with value: 0.12483570436374175 and parameters: {'max_depth': 25, 'min_samples_leaf': 0.4680545155184193}. Best is trial 52 with value: 0.1248357016882012.
2020-11-18 14:49:23|Trial 73 finished with value: 0.12483572478430015 and parameters: {'max_depth': 23, 'min_samples_leaf': 0.4138016011603612}. Best is trial 52 with value: 0.1248357016882012.
2020-11-18 14:50:57|Trial 74 finished with value: 0.12594142366592861 and parameters: {'max_depth': 29, 'min_samples_leaf': 0.026334030550504567}. Best is trial 52 with value: 0.1248357016882012.
2020-11-18 14:50:58|Trial 75 finished with value: 0.12483570808872949 and parameters: {'max_depth': 25, 'min_samples_leaf': 0.4310202339846795}. Best is trial 52 with value: 0.1248357016882012.
2020-11-18 14:50:59|Trial 76 finished with value: 0.12483570720494587 and parameters: {'max_depth': 15, 'min_samples_leaf': 0.40078951116808936}. Best is trial 52 with value: 0.1248357016882012.
2020-11-18 14:51:00|Trial 77 finished with value: 0.12483570935944319 and parameters: {'max_depth': 19, 'min_samples_leaf': 0.45280660755752605}. Best is trial 52 with value: 0.1248357016882012.
2020-11-18 14:51:01|Trial 78 finished with value: 0.12483570529327623 and parameters: {'max_depth': 27, 'min_samples_leaf': 0.4844602490027346}. Best is trial 52 with value: 0.1248357016882012.
2020-11-18 14:51:02|Trial 79 finished with value: 0.12483570216577915 and parameters: {'max_depth': 27, 'min_samples_leaf': 0.46916866463149215}. Best is trial 52 with value: 0.1248357016882012.
2020-11-18 14:51:02|Trial 80 finished with value: 0.12483571283093674 and parameters: {'max_depth': 5, 'min_samples_leaf': 0.3902108479494489}. Best is trial 52 with value: 0.1248357016882012.
2020-11-18 14:51:03|Trial 81 finished with value: 0.12483570449435147 and parameters: {'max_depth': 5, 'min_samples_leaf': 0.3591456891603436}. Best is trial 52 with value: 0.1248357016882012.
2020-11-18 14:51:04|Trial 82 finished with value: 0.12483571120122981 and parameters: {'max_depth': 3, 'min_samples_leaf': 0.4246137481640955}. Best is trial 52 with value: 0.1248357016882012.
2020-11-18 14:51:25|Trial 83 finished with value: 0.12557770792338926 and parameters: {'max_depth': 7, 'min_samples_leaf': 0.31497135051176556}. Best is trial 52 with value: 0.1248357016882012.
2020-11-18 14:51:26|Trial 84 finished with value: 0.12483570824280185 and parameters: {'max_depth': 3, 'min_samples_leaf': 0.37773473244886535}. Best is trial 52 with value: 0.1248357016882012.
2020-11-18 14:51:26|Trial 85 finished with value: 0.12483570975740822 and parameters: {'max_depth': 9, 'min_samples_leaf': 0.407432363404034}. Best is trial 52 with value: 0.1248357016882012.
2020-11-18 14:51:27|Trial 86 finished with value: 0.12483570876875368 and parameters: {'max_depth': 5, 'min_samples_leaf': 0.441124485747559}. Best is trial 52 with value: 0.1248357016882012.
2020-11-18 14:51:28|Trial 87 finished with value: 0.124835710798202 and parameters: {'max_depth': 23, 'min_samples_leaf': 0.3674040914461736}. Best is trial 52 with value: 0.1248357016882012.
2020-11-18 14:51:49|Trial 88 finished with value: 0.12546613963146686 and parameters: {'max_depth': 25, 'min_samples_leaf': 0.249974082252866}. Best is trial 52 with value: 0.1248357016882012.
2020-11-18 14:51:50|Trial 89 finished with value: 0.12483570169234436 and parameters: {'max_depth': 21, 'min_samples_leaf': 0.41959561192131634}. Best is trial 52 with value: 0.1248357016882012.
2020-11-18 14:51:51|Trial 90 finished with value: 0.12483570231883954 and parameters: {'max_depth': 21, 'min_samples_leaf': 0.47158970697040314}. Best is trial 52 with value: 0.1248357016882012.
2020-11-18 14:51:52|Trial 91 finished with value: 0.12483571173249942 and parameters: {'max_depth': 23, 'min_samples_leaf': 0.4231551280151005}. Best is trial 52 with value: 0.1248357016882012.
2020-11-18 14:51:52|Trial 92 finished with value: 0.12483570350812982 and parameters: {'max_depth': 25, 'min_samples_leaf': 0.34260216442765623}. Best is trial 52 with value: 0.1248357016882012.
2020-11-18 14:51:53|Trial 93 finished with value: 0.12483572047085736 and parameters: {'max_depth': 7, 'min_samples_leaf': 0.4474516798139295}. Best is trial 52 with value: 0.1248357016882012.
2020-11-18 14:51:54|Trial 94 finished with value: 0.12483570578068788 and parameters: {'max_depth': 23, 'min_samples_leaf': 0.41327308904101}. Best is trial 52 with value: 0.1248357016882012.
2020-11-18 14:52:24|Trial 95 finished with value: 0.12550730899569892 and parameters: {'max_depth': 17, 'min_samples_leaf': 0.16751520670691933}. Best is trial 52 with value: 0.1248357016882012.
2020-11-18 14:52:25|Trial 96 finished with value: 0.1248357018091054 and parameters: {'max_depth': 21, 'min_samples_leaf': 0.4366571023031718}. Best is trial 52 with value: 0.1248357016882012.
2020-11-18 14:52:25|Trial 97 finished with value: 0.12483570606559759 and parameters: {'max_depth': 21, 'min_samples_leaf': 0.43853622357858874}. Best is trial 52 with value: 0.1248357016882012.
2020-11-18 14:52:26|Trial 98 finished with value: 0.12483570264109621 and parameters: {'max_depth': 19, 'min_samples_leaf': 0.4585483690838421}. Best is trial 52 with value: 0.1248357016882012.
2020-11-18 14:52:27|Trial 99 finished with value: 0.12483570185448536 and parameters: {'max_depth': 21, 'min_samples_leaf': 0.48966735116160903}. Best is trial 52 with value: 0.1248357016882012.
