2020-11-16 18:03:00|A new study created in memory with name: no-name-b5e8488e-10e2-46db-bba6-57294ee904a0
2020-11-16 18:03:07|Trial 0 finished with value: 0.12477075048470704 and parameters: {'feature_fraction': 0.8}. Best is trial 0 with value: 0.12477075048470704.
2020-11-16 18:03:14|Trial 1 finished with value: 0.1247755482818379 and parameters: {'feature_fraction': 0.7}. Best is trial 0 with value: 0.12477075048470704.
2020-11-16 18:03:20|Trial 2 finished with value: 0.12478140109491474 and parameters: {'feature_fraction': 0.4}. Best is trial 0 with value: 0.12477075048470704.
2020-11-16 18:03:26|Trial 3 finished with value: 0.12475212495273688 and parameters: {'feature_fraction': 0.6}. Best is trial 3 with value: 0.12475212495273688.
2020-11-16 18:03:34|Trial 4 finished with value: 0.12476637130168308 and parameters: {'feature_fraction': 1.0}. Best is trial 3 with value: 0.12475212495273688.
2020-11-16 18:03:42|Trial 5 finished with value: 0.12478069069801526 and parameters: {'feature_fraction': 0.8999999999999999}. Best is trial 3 with value: 0.12475212495273688.
2020-11-16 18:03:47|Trial 6 finished with value: 0.12476771654218759 and parameters: {'feature_fraction': 0.5}. Best is trial 3 with value: 0.12475212495273688.
2020-11-16 18:03:53|Trial 7 finished with value: 0.12479790980159539 and parameters: {'num_leaves': 55}. Best is trial 7 with value: 0.12479790980159539.
2020-11-16 18:04:00|Trial 8 finished with value: 0.12481147742773786 and parameters: {'num_leaves': 151}. Best is trial 7 with value: 0.12479790980159539.
2020-11-16 18:04:07|Trial 9 finished with value: 0.12482005466171253 and parameters: {'num_leaves': 149}. Best is trial 7 with value: 0.12479790980159539.
2020-11-16 18:04:15|Trial 10 finished with value: 0.12480699349513477 and parameters: {'num_leaves': 241}. Best is trial 7 with value: 0.12479790980159539.
2020-11-16 18:04:23|Trial 11 finished with value: 0.12480869462569416 and parameters: {'num_leaves': 249}. Best is trial 7 with value: 0.12479790980159539.
2020-11-16 18:04:28|Trial 12 finished with value: 0.12477528409974223 and parameters: {'num_leaves': 28}. Best is trial 12 with value: 0.12477528409974223.
2020-11-16 18:04:35|Trial 13 finished with value: 0.12479618392058128 and parameters: {'num_leaves': 84}. Best is trial 12 with value: 0.12477528409974223.
2020-11-16 18:04:43|Trial 14 finished with value: 0.12480500110477083 and parameters: {'num_leaves': 204}. Best is trial 12 with value: 0.12477528409974223.
2020-11-16 18:04:48|Trial 15 finished with value: 0.12477215010674021 and parameters: {'num_leaves': 7}. Best is trial 15 with value: 0.12477215010674021.
2020-11-16 18:04:55|Trial 16 finished with value: 0.12478479446633137 and parameters: {'num_leaves': 102}. Best is trial 15 with value: 0.12477215010674021.
2020-11-16 18:05:02|Trial 17 finished with value: 0.12481191853899355 and parameters: {'num_leaves': 182}. Best is trial 15 with value: 0.12477215010674021.
2020-11-16 18:05:10|Trial 18 finished with value: 0.1248019806560691 and parameters: {'num_leaves': 209}. Best is trial 15 with value: 0.12477215010674021.
2020-11-16 18:05:17|Trial 19 finished with value: 0.12479388447676155 and parameters: {'num_leaves': 94}. Best is trial 15 with value: 0.12477215010674021.
2020-11-16 18:05:23|Trial 20 finished with value: 0.1247721501067402 and parameters: {'num_leaves': 7}. Best is trial 20 with value: 0.1247721501067402.
2020-11-16 18:05:29|Trial 21 finished with value: 0.12477596266182304 and parameters: {'num_leaves': 50}. Best is trial 20 with value: 0.1247721501067402.
2020-11-16 18:05:36|Trial 22 finished with value: 0.12481445842590393 and parameters: {'num_leaves': 126}. Best is trial 20 with value: 0.1247721501067402.
2020-11-16 18:05:43|Trial 23 finished with value: 0.12480557895832076 and parameters: {'num_leaves': 173}. Best is trial 20 with value: 0.1247721501067402.
2020-11-16 18:05:51|Trial 24 finished with value: 0.12480795441123271 and parameters: {'num_leaves': 231}. Best is trial 20 with value: 0.1247721501067402.
2020-11-16 18:05:57|Trial 25 finished with value: 0.12479790980159539 and parameters: {'num_leaves': 55}. Best is trial 20 with value: 0.1247721501067402.
2020-11-16 18:06:04|Trial 26 finished with value: 0.12480564511893774 and parameters: {'num_leaves': 118}. Best is trial 20 with value: 0.1247721501067402.
2020-11-16 18:06:10|Trial 27 finished with value: 0.12475527328862633 and parameters: {'bagging_fraction': 0.8177494576747406, 'bagging_freq': 6}. Best is trial 27 with value: 0.12475527328862633.
2020-11-16 18:06:15|Trial 28 finished with value: 0.12478112674043519 and parameters: {'bagging_fraction': 0.8411411282952992, 'bagging_freq': 6}. Best is trial 27 with value: 0.12475527328862633.
2020-11-16 18:06:20|Trial 29 finished with value: 0.12477191475645043 and parameters: {'bagging_fraction': 0.49645494672822155, 'bagging_freq': 7}. Best is trial 27 with value: 0.12475527328862633.
2020-11-16 18:06:27|Trial 30 finished with value: 0.12477924066325874 and parameters: {'bagging_fraction': 0.9880396881994129, 'bagging_freq': 1}. Best is trial 27 with value: 0.12475527328862633.
2020-11-16 18:06:32|Trial 31 finished with value: 0.12477331517693956 and parameters: {'bagging_fraction': 0.6601857151343835, 'bagging_freq': 4}. Best is trial 27 with value: 0.12475527328862633.
2020-11-16 18:06:37|Trial 32 finished with value: 0.12478052385471798 and parameters: {'bagging_fraction': 0.8036693739793273, 'bagging_freq': 5}. Best is trial 27 with value: 0.12475527328862633.
2020-11-16 18:06:44|Trial 33 finished with value: 0.12476847793881454 and parameters: {'bagging_fraction': 0.9960103880015627, 'bagging_freq': 2}. Best is trial 27 with value: 0.12475527328862633.
2020-11-16 18:06:49|Trial 34 finished with value: 0.12476866391172935 and parameters: {'bagging_fraction': 0.6350078040605867, 'bagging_freq': 7}. Best is trial 27 with value: 0.12475527328862633.
2020-11-16 18:06:56|Trial 35 finished with value: 0.1247458187778744 and parameters: {'bagging_fraction': 0.84176781319306, 'bagging_freq': 3}. Best is trial 35 with value: 0.1247458187778744.
2020-11-16 18:07:02|Trial 36 finished with value: 0.12475636015916296 and parameters: {'bagging_fraction': 0.8462022370599995, 'bagging_freq': 3}. Best is trial 35 with value: 0.1247458187778744.
2020-11-16 18:07:09|Trial 37 finished with value: 0.1247700660626908 and parameters: {'feature_fraction': 0.584}. Best is trial 37 with value: 0.1247700660626908.
2020-11-16 18:07:15|Trial 38 finished with value: 0.12479276718441647 and parameters: {'feature_fraction': 0.6799999999999999}. Best is trial 37 with value: 0.1247700660626908.
2020-11-16 18:07:21|Trial 39 finished with value: 0.12477075020045485 and parameters: {'feature_fraction': 0.52}. Best is trial 37 with value: 0.1247700660626908.
2020-11-16 18:07:28|Trial 40 finished with value: 0.12476525599258917 and parameters: {'feature_fraction': 0.6479999999999999}. Best is trial 40 with value: 0.12476525599258917.
2020-11-16 18:07:34|Trial 41 finished with value: 0.12478249623941458 and parameters: {'feature_fraction': 0.616}. Best is trial 40 with value: 0.12476525599258917.
2020-11-16 18:07:40|Trial 42 finished with value: 0.12478815478998488 and parameters: {'feature_fraction': 0.552}. Best is trial 40 with value: 0.12476525599258917.
2020-11-16 18:07:47|Trial 43 finished with value: 0.12475229060731323 and parameters: {'lambda_l1': 0.008998662982894243, 'lambda_l2': 1.0518402348278457e-05}. Best is trial 43 with value: 0.12475229060731323.
2020-11-16 18:07:53|Trial 44 finished with value: 0.12475225195087143 and parameters: {'lambda_l1': 0.01359552588459438, 'lambda_l2': 8.111536928322974e-06}. Best is trial 44 with value: 0.12475225195087143.
2020-11-16 18:07:59|Trial 45 finished with value: 0.12475225167562287 and parameters: {'lambda_l1': 0.012752351765761697, 'lambda_l2': 1.1614425358222092e-05}. Best is trial 45 with value: 0.12475225167562287.
2020-11-16 18:08:06|Trial 46 finished with value: 0.12475225429576475 and parameters: {'lambda_l1': 0.020778702110784815, 'lambda_l2': 6.993531864484037e-06}. Best is trial 45 with value: 0.12475225167562287.
2020-11-16 18:08:12|Trial 47 finished with value: 0.12475225195778278 and parameters: {'lambda_l1': 0.013616669688405183, 'lambda_l2': 7.8108729257506e-06}. Best is trial 45 with value: 0.12475225167562287.
2020-11-16 18:08:18|Trial 48 finished with value: 0.12475225166605346 and parameters: {'lambda_l1': 0.01272391073694263, 'lambda_l2': 7.498497096697328e-06}. Best is trial 48 with value: 0.12475225166605346.
2020-11-16 18:08:25|Trial 49 finished with value: 0.12474582368272735 and parameters: {'lambda_l1': 3.414539957957179e-05, 'lambda_l2': 0.007047346716227374}. Best is trial 49 with value: 0.12474582368272735.
2020-11-16 18:08:32|Trial 50 finished with value: 0.12474678254682017 and parameters: {'lambda_l1': 1.924745258951567e-07, 'lambda_l2': 0.8017044046035543}. Best is trial 49 with value: 0.12474582368272735.
2020-11-16 18:08:38|Trial 51 finished with value: 0.12475850434656192 and parameters: {'lambda_l1': 8.822804911329147e-08, 'lambda_l2': 1.6999656743623048}. Best is trial 49 with value: 0.12474582368272735.
2020-11-16 18:08:44|Trial 52 finished with value: 0.12474582348086034 and parameters: {'lambda_l1': 2.5849104469742793e-07, 'lambda_l2': 0.03975280115862859}. Best is trial 52 with value: 0.12474582348086034.
2020-11-16 18:08:51|Trial 53 finished with value: 0.12475226187297019 and parameters: {'lambda_l1': 4.5797422797534885e-07, 'lambda_l2': 0.20485228659148685}. Best is trial 52 with value: 0.12474582348086034.
2020-11-16 18:08:57|Trial 54 finished with value: 0.12474581308849343 and parameters: {'lambda_l1': 1.2192831119288874e-05, 'lambda_l2': 0.01300712443817586}. Best is trial 54 with value: 0.12474581308849343.
2020-11-16 18:09:04|Trial 55 finished with value: 0.12474582365350081 and parameters: {'lambda_l1': 1.0486951506734619e-05, 'lambda_l2': 0.012243042187405063}. Best is trial 54 with value: 0.12474581308849343.
2020-11-16 18:09:10|Trial 56 finished with value: 0.12474582365911463 and parameters: {'lambda_l1': 1.6137053213966882e-05, 'lambda_l2': 0.011216315533220991}. Best is trial 54 with value: 0.12474581308849343.
2020-11-16 18:09:17|Trial 57 finished with value: 0.1247458236918295 and parameters: {'lambda_l1': 2.635403602693393e-05, 'lambda_l2': 0.0058032025844678824}. Best is trial 54 with value: 0.12474581308849343.
2020-11-16 18:09:23|Trial 58 finished with value: 0.12474581873097274 and parameters: {'lambda_l1': 1.9578869523901453e-05, 'lambda_l2': 0.006851566420958102}. Best is trial 54 with value: 0.12474581308849343.
2020-11-16 18:09:30|Trial 59 finished with value: 0.1247458186843972 and parameters: {'lambda_l1': 7.300406894682907e-06, 'lambda_l2': 0.01450611458143792}. Best is trial 54 with value: 0.12474581308849343.
2020-11-16 18:09:37|Trial 60 finished with value: 0.12474582346614002 and parameters: {'lambda_l1': 2.69556637469259e-06, 'lambda_l2': 0.04204605661082632}. Best is trial 54 with value: 0.12474581308849343.
2020-11-16 18:09:43|Trial 61 finished with value: 0.1247458380339365 and parameters: {'lambda_l1': 1.9447400197400004e-06, 'lambda_l2': 0.04117089955789709}. Best is trial 54 with value: 0.12474581308849343.
2020-11-16 18:09:50|Trial 62 finished with value: 0.1247458131683481 and parameters: {'lambda_l1': 3.856876467178528e-06, 'lambda_l2': 0.0006574278027210494}. Best is trial 54 with value: 0.12474581308849343.
2020-11-16 18:09:55|Trial 63 finished with value: 0.1247674911521036 and parameters: {'min_child_samples': 100}. Best is trial 63 with value: 0.1247674911521036.
2020-11-16 18:10:02|Trial 64 finished with value: 0.12475968175362737 and parameters: {'min_child_samples': 50}. Best is trial 64 with value: 0.12475968175362737.
2020-11-16 18:10:09|Trial 65 finished with value: 0.1247507518055081 and parameters: {'min_child_samples': 5}. Best is trial 65 with value: 0.1247507518055081.
2020-11-16 18:10:16|Trial 66 finished with value: 0.12475218462258729 and parameters: {'min_child_samples': 25}. Best is trial 65 with value: 0.1247507518055081.
2020-11-16 18:10:22|Trial 67 finished with value: 0.1247684746631559 and parameters: {'min_child_samples': 10}. Best is trial 65 with value: 0.1247507518055081.
2020-11-16 18:10:44|A new study created in memory with name: no-name-da1cf4ae-93a3-4b5c-9673-24b66a05e4f3
2020-11-16 18:10:51|Trial 0 finished with value: 0.12480369076139652 and parameters: {'feature_fraction': 0.8}. Best is trial 0 with value: 0.12480369076139652.
2020-11-16 18:10:56|Trial 1 finished with value: 0.12477265446301834 and parameters: {'feature_fraction': 0.6}. Best is trial 1 with value: 0.12477265446301834.
2020-11-16 18:11:01|Trial 2 finished with value: 0.12476981184328739 and parameters: {'feature_fraction': 0.5}. Best is trial 2 with value: 0.12476981184328739.
2020-11-16 18:11:07|Trial 3 finished with value: 0.12478323163920305 and parameters: {'feature_fraction': 0.7}. Best is trial 2 with value: 0.12476981184328739.
2020-11-16 18:11:14|Trial 4 finished with value: 0.12476962731031926 and parameters: {'feature_fraction': 1.0}. Best is trial 4 with value: 0.12476962731031926.
2020-11-16 18:11:19|Trial 5 finished with value: 0.12476959377827426 and parameters: {'feature_fraction': 0.4}. Best is trial 5 with value: 0.12476959377827426.
2020-11-16 18:11:25|Trial 6 finished with value: 0.12480491019139753 and parameters: {'feature_fraction': 0.8999999999999999}. Best is trial 5 with value: 0.12476959377827426.
2020-11-16 18:11:30|Trial 7 finished with value: 0.12476958194741178 and parameters: {'num_leaves': 52}. Best is trial 7 with value: 0.12476958194741178.
2020-11-16 18:11:34|Trial 8 finished with value: 0.12476956932714346 and parameters: {'num_leaves': 52}. Best is trial 8 with value: 0.12476956932714346.
2020-11-16 18:11:39|Trial 9 finished with value: 0.12480363129613818 and parameters: {'num_leaves': 198}. Best is trial 8 with value: 0.12476956932714346.
2020-11-16 18:11:43|Trial 10 finished with value: 0.12477232242292564 and parameters: {'num_leaves': 11}. Best is trial 8 with value: 0.12476956932714346.
2020-11-16 18:11:48|Trial 11 finished with value: 0.1247686113567943 and parameters: {'num_leaves': 41}. Best is trial 11 with value: 0.1247686113567943.
2020-11-16 18:11:52|Trial 12 finished with value: 0.12477770447192918 and parameters: {'num_leaves': 83}. Best is trial 11 with value: 0.1247686113567943.
2020-11-16 18:11:57|Trial 13 finished with value: 0.12478257876382057 and parameters: {'num_leaves': 127}. Best is trial 11 with value: 0.1247686113567943.
2020-11-16 18:12:02|Trial 14 finished with value: 0.12478237538136991 and parameters: {'num_leaves': 6}. Best is trial 11 with value: 0.1247686113567943.
2020-11-16 18:12:06|Trial 15 finished with value: 0.12476780386563525 and parameters: {'num_leaves': 63}. Best is trial 15 with value: 0.12476780386563525.
2020-11-16 18:12:11|Trial 16 finished with value: 0.1247803082282835 and parameters: {'num_leaves': 108}. Best is trial 15 with value: 0.12476780386563525.
2020-11-16 18:12:16|Trial 17 finished with value: 0.12479966614064228 and parameters: {'num_leaves': 179}. Best is trial 15 with value: 0.12476780386563525.
2020-11-16 18:12:21|Trial 18 finished with value: 0.12477472269396574 and parameters: {'num_leaves': 28}. Best is trial 15 with value: 0.12476780386563525.
2020-11-16 18:12:25|Trial 19 finished with value: 0.1247768101218725 and parameters: {'num_leaves': 80}. Best is trial 15 with value: 0.12476780386563525.
2020-11-16 18:12:30|Trial 20 finished with value: 0.12481534471169305 and parameters: {'num_leaves': 254}. Best is trial 15 with value: 0.12476780386563525.
2020-11-16 18:12:35|Trial 21 finished with value: 0.12476764213850101 and parameters: {'num_leaves': 47}. Best is trial 21 with value: 0.12476764213850101.
2020-11-16 18:12:39|Trial 22 finished with value: 0.12476767038783865 and parameters: {'num_leaves': 47}. Best is trial 21 with value: 0.12476764213850101.
2020-11-16 18:12:44|Trial 23 finished with value: 0.12477662066892738 and parameters: {'num_leaves': 85}. Best is trial 21 with value: 0.12476764213850101.
2020-11-16 18:12:49|Trial 24 finished with value: 0.12477902827314331 and parameters: {'num_leaves': 4}. Best is trial 21 with value: 0.12476764213850101.
2020-11-16 18:12:54|Trial 25 finished with value: 0.12477260564536737 and parameters: {'num_leaves': 66}. Best is trial 21 with value: 0.12476764213850101.
2020-11-16 18:12:59|Trial 26 finished with value: 0.1247804327886186 and parameters: {'num_leaves': 106}. Best is trial 21 with value: 0.12476764213850101.
2020-11-16 18:13:04|Trial 27 finished with value: 0.1247961891291264 and parameters: {'bagging_fraction': 0.8193131529316073, 'bagging_freq': 1}. Best is trial 27 with value: 0.1247961891291264.
2020-11-16 18:13:07|Trial 28 finished with value: 0.12479667059684663 and parameters: {'bagging_fraction': 0.42299581487401733, 'bagging_freq': 7}. Best is trial 27 with value: 0.1247961891291264.
2020-11-16 18:13:10|Trial 29 finished with value: 0.12478916684140832 and parameters: {'bagging_fraction': 0.41034355152307833, 'bagging_freq': 4}. Best is trial 29 with value: 0.12478916684140832.
2020-11-16 18:13:16|Trial 30 finished with value: 0.12476125330293521 and parameters: {'bagging_fraction': 0.9946755351365166, 'bagging_freq': 1}. Best is trial 30 with value: 0.12476125330293521.
2020-11-16 18:13:22|Trial 31 finished with value: 0.12478205513195958 and parameters: {'bagging_fraction': 0.9963318803644601, 'bagging_freq': 1}. Best is trial 30 with value: 0.12476125330293521.
2020-11-16 18:13:27|Trial 32 finished with value: 0.12478185865010355 and parameters: {'bagging_fraction': 0.9691749217753232, 'bagging_freq': 3}. Best is trial 30 with value: 0.12476125330293521.
2020-11-16 18:13:31|Trial 33 finished with value: 0.12481931583549673 and parameters: {'bagging_fraction': 0.6489002045725779, 'bagging_freq': 4}. Best is trial 30 with value: 0.12476125330293521.
2020-11-16 18:13:35|Trial 34 finished with value: 0.12479152203033245 and parameters: {'bagging_fraction': 0.7487240986218251, 'bagging_freq': 6}. Best is trial 30 with value: 0.12476125330293521.
2020-11-16 18:13:39|Trial 35 finished with value: 0.1248150818498313 and parameters: {'bagging_fraction': 0.5580844292591304, 'bagging_freq': 2}. Best is trial 30 with value: 0.12476125330293521.
2020-11-16 18:13:43|Trial 36 finished with value: 0.1248065949975041 and parameters: {'bagging_fraction': 0.8703269425372329, 'bagging_freq': 5}. Best is trial 30 with value: 0.12476125330293521.
2020-11-16 18:13:49|Trial 37 finished with value: 0.12476694105603213 and parameters: {'feature_fraction': 0.48000000000000004}. Best is trial 37 with value: 0.12476694105603213.
2020-11-16 18:13:56|Trial 38 finished with value: 0.12476121822477022 and parameters: {'feature_fraction': 0.44800000000000006}. Best is trial 38 with value: 0.12476121822477022.
2020-11-16 18:14:02|Trial 39 finished with value: 0.12476254643958598 and parameters: {'feature_fraction': 0.41600000000000004}. Best is trial 38 with value: 0.12476121822477022.
2020-11-16 18:14:09|Trial 40 finished with value: 0.12476118844098856 and parameters: {'lambda_l1': 5.251317070319116e-07, 'lambda_l2': 0.00033764705366864874}. Best is trial 40 with value: 0.12476118844098856.
2020-11-16 18:14:16|Trial 41 finished with value: 0.12476121902127371 and parameters: {'lambda_l1': 3.959973401073259e-07, 'lambda_l2': 0.0003417552214806828}. Best is trial 40 with value: 0.12476118844098856.
2020-11-16 18:14:23|Trial 42 finished with value: 0.12476118807032538 and parameters: {'lambda_l1': 2.9712376178666193e-07, 'lambda_l2': 0.0004089602869296039}. Best is trial 42 with value: 0.12476118807032538.
2020-11-16 18:14:29|Trial 43 finished with value: 0.12476121902109419 and parameters: {'lambda_l1': 1.585850776549943e-07, 'lambda_l2': 0.0003404367211139203}. Best is trial 42 with value: 0.12476118807032538.
2020-11-16 18:14:36|Trial 44 finished with value: 0.12476121901976497 and parameters: {'lambda_l1': 2.386641900907422e-07, 'lambda_l2': 0.00032727678281844813}. Best is trial 42 with value: 0.12476118807032538.
2020-11-16 18:14:43|Trial 45 finished with value: 0.12476121707338363 and parameters: {'lambda_l1': 1.5150215993897284e-07, 'lambda_l2': 0.00022768969294044664}. Best is trial 42 with value: 0.12476118807032538.
2020-11-16 18:14:50|Trial 46 finished with value: 0.1247612190120709 and parameters: {'lambda_l1': 2.5055304625167674e-07, 'lambda_l2': 0.00024967200099172855}. Best is trial 42 with value: 0.12476118807032538.
2020-11-16 18:14:57|Trial 47 finished with value: 0.12476121903770133 and parameters: {'lambda_l1': 3.401220519633051e-07, 'lambda_l2': 0.0005079900567283615}. Best is trial 42 with value: 0.12476118807032538.
2020-11-16 18:15:03|Trial 48 finished with value: 0.12476121580858861 and parameters: {'lambda_l1': 1.076670538117865e-08, 'lambda_l2': 4.1132554504739933e-07}. Best is trial 42 with value: 0.12476118807032538.
2020-11-16 18:15:10|Trial 49 finished with value: 0.12476118863913895 and parameters: {'lambda_l1': 0.002275122223974804, 'lambda_l2': 1.4251387748959767e-08}. Best is trial 42 with value: 0.12476118807032538.
2020-11-16 18:15:17|Trial 50 finished with value: 0.12476661657416833 and parameters: {'lambda_l1': 0.005666001576016672, 'lambda_l2': 1.585581926005588e-07}. Best is trial 42 with value: 0.12476118807032538.
2020-11-16 18:15:23|Trial 51 finished with value: 0.12476659919983013 and parameters: {'lambda_l1': 0.0031953431987218717, 'lambda_l2': 1.0876173739185185e-08}. Best is trial 42 with value: 0.12476118807032538.
2020-11-16 18:15:30|Trial 52 finished with value: 0.12476118802963958 and parameters: {'lambda_l1': 1.4743847804610398e-08, 'lambda_l2': 2.5182249568141e-07}. Best is trial 52 with value: 0.12476118802963958.
