2020-11-19 17:21:35|A new study created in memory with name: no-name-51762804-9eac-4be8-a408-2ace1f9f4ed7
2020-11-19 17:21:59|Trial 0 finished with value: 0.049502161613074656 and parameters: {'max_depth': 21, 'min_samples_leaf': 0.19641875787691634}. Best is trial 0 with value: 0.049502161613074656.
2020-11-19 17:22:28|Trial 1 finished with value: 0.049454393705630616 and parameters: {'max_depth': 7, 'min_samples_leaf': 0.16863318078256578}. Best is trial 1 with value: 0.049454393705630616.
2020-11-19 17:22:28|Trial 2 finished with value: 0.05011938445946133 and parameters: {'max_depth': 17, 'min_samples_leaf': 0.39559165922408773}. Best is trial 1 with value: 0.049454393705630616.
2020-11-19 17:23:18|Trial 3 finished with value: 0.049190531304960976 and parameters: {'max_depth': 3, 'min_samples_leaf': 0.05402434731249247}. Best is trial 3 with value: 0.049190531304960976.
2020-11-19 17:23:36|Trial 4 finished with value: 0.049665350465973375 and parameters: {'max_depth': 9, 'min_samples_leaf': 0.31388750568375967}. Best is trial 3 with value: 0.049190531304960976.
2020-11-19 17:24:13|Trial 5 finished with value: 0.049364418319542296 and parameters: {'max_depth': 15, 'min_samples_leaf': 0.12381607841878839}. Best is trial 3 with value: 0.049190531304960976.
2020-11-19 17:24:31|Trial 6 finished with value: 0.0495902490692006 and parameters: {'max_depth': 11, 'min_samples_leaf': 0.22222212288921891}. Best is trial 3 with value: 0.049190531304960976.
2020-11-19 17:24:49|Trial 7 finished with value: 0.04964574463400601 and parameters: {'max_depth': 27, 'min_samples_leaf': 0.3116515150338366}. Best is trial 3 with value: 0.049190531304960976.
2020-11-19 17:24:50|Trial 8 finished with value: 0.05011938870447195 and parameters: {'max_depth': 3, 'min_samples_leaf': 0.4347075673413969}. Best is trial 3 with value: 0.049190531304960976.
2020-11-19 17:26:12|Trial 9 finished with value: 0.04906669742692811 and parameters: {'max_depth': 15, 'min_samples_leaf': 0.03027990131204767}. Best is trial 9 with value: 0.04906669742692811.
2020-11-19 17:27:48|Trial 10 finished with value: 0.04895956461012481 and parameters: {'max_depth': 27, 'min_samples_leaf': 0.018866983951039834}. Best is trial 10 with value: 0.04895956461012481.
2020-11-19 17:29:18|Trial 11 finished with value: 0.048988165173674075 and parameters: {'max_depth': 29, 'min_samples_leaf': 0.02321236020330581}. Best is trial 10 with value: 0.04895956461012481.
2020-11-19 17:30:08|Trial 12 finished with value: 0.04926286812207524 and parameters: {'max_depth': 29, 'min_samples_leaf': 0.08418712179642175}. Best is trial 10 with value: 0.04895956461012481.
2020-11-19 17:31:57|Trial 13 finished with value: 0.048903820351717635 and parameters: {'max_depth': 25, 'min_samples_leaf': 0.013206308658110382}. Best is trial 13 with value: 0.048903820351717635.
2020-11-19 17:33:51|Trial 14 finished with value: 0.04887125119545862 and parameters: {'max_depth': 23, 'min_samples_leaf': 0.011201484833401231}. Best is trial 14 with value: 0.04887125119545862.
2020-11-19 17:34:29|Trial 15 finished with value: 0.049366560382569 and parameters: {'max_depth': 23, 'min_samples_leaf': 0.12252147542787227}. Best is trial 14 with value: 0.04887125119545862.
2020-11-19 17:35:10|Trial 16 finished with value: 0.049325356913716256 and parameters: {'max_depth': 23, 'min_samples_leaf': 0.10802377650045643}. Best is trial 14 with value: 0.04887125119545862.
2020-11-19 17:35:28|Trial 17 finished with value: 0.04960757420667344 and parameters: {'max_depth': 19, 'min_samples_leaf': 0.26118485910337946}. Best is trial 14 with value: 0.04887125119545862.
2020-11-19 17:36:28|Trial 18 finished with value: 0.04919772689521134 and parameters: {'max_depth': 25, 'min_samples_leaf': 0.06280173323417026}. Best is trial 14 with value: 0.04887125119545862.
2020-11-19 17:38:12|Trial 19 finished with value: 0.04892659922427691 and parameters: {'max_depth': 21, 'min_samples_leaf': 0.014956914739872026}. Best is trial 14 with value: 0.04887125119545862.
2020-11-19 17:38:41|Trial 20 finished with value: 0.049444795492543776 and parameters: {'max_depth': 25, 'min_samples_leaf': 0.1602433836291144}. Best is trial 14 with value: 0.04887125119545862.
2020-11-19 17:40:36|Trial 21 finished with value: 0.048861059092893226 and parameters: {'max_depth': 19, 'min_samples_leaf': 0.010560905994278688}. Best is trial 21 with value: 0.048861059092893226.
2020-11-19 17:42:28|Trial 22 finished with value: 0.04887347338765367 and parameters: {'max_depth': 19, 'min_samples_leaf': 0.01157045064705388}. Best is trial 21 with value: 0.048861059092893226.
2020-11-19 17:43:34|Trial 23 finished with value: 0.04913997677806292 and parameters: {'max_depth': 17, 'min_samples_leaf': 0.05226716432845736}. Best is trial 21 with value: 0.048861059092893226.
2020-11-19 17:44:22|Trial 24 finished with value: 0.04927828209821304 and parameters: {'max_depth': 13, 'min_samples_leaf': 0.08916083385122554}. Best is trial 21 with value: 0.048861059092893226.
2020-11-19 17:44:56|Trial 25 finished with value: 0.04938676473520651 and parameters: {'max_depth': 19, 'min_samples_leaf': 0.13652602696140867}. Best is trial 21 with value: 0.048861059092893226.
2020-11-19 17:45:55|Trial 26 finished with value: 0.04919059110706712 and parameters: {'max_depth': 19, 'min_samples_leaf': 0.062126833505424243}. Best is trial 21 with value: 0.048861059092893226.
2020-11-19 17:45:56|Trial 27 finished with value: 0.05011941565820651 and parameters: {'max_depth': 21, 'min_samples_leaf': 0.48789122897637605}. Best is trial 21 with value: 0.048861059092893226.
2020-11-19 17:47:40|Trial 28 finished with value: 0.04893302460709794 and parameters: {'max_depth': 13, 'min_samples_leaf': 0.015211640593126605}. Best is trial 21 with value: 0.048861059092893226.
2020-11-19 17:48:04|Trial 29 finished with value: 0.04950645869265803 and parameters: {'max_depth': 21, 'min_samples_leaf': 0.1977820236834838}. Best is trial 21 with value: 0.048861059092893226.
2020-11-19 17:48:54|Trial 30 finished with value: 0.04926658467561993 and parameters: {'max_depth': 23, 'min_samples_leaf': 0.0853547846106858}. Best is trial 21 with value: 0.048861059092893226.
2020-11-19 17:50:49|Trial 31 finished with value: 0.0488599777008055 and parameters: {'max_depth': 25, 'min_samples_leaf': 0.01069540486891234}. Best is trial 31 with value: 0.0488599777008055.
2020-11-19 17:51:59|Trial 32 finished with value: 0.049117031717316524 and parameters: {'max_depth': 19, 'min_samples_leaf': 0.04615367094070877}. Best is trial 31 with value: 0.0488599777008055.
2020-11-19 17:53:47|Trial 33 finished with value: 0.04891135369708255 and parameters: {'max_depth': 17, 'min_samples_leaf': 0.013332278233037127}. Best is trial 31 with value: 0.0488599777008055.
2020-11-19 17:54:38|Trial 34 finished with value: 0.04925719991123705 and parameters: {'max_depth': 27, 'min_samples_leaf': 0.0813324086971619}. Best is trial 31 with value: 0.0488599777008055.
2020-11-19 17:55:07|Trial 35 finished with value: 0.049439048850553835 and parameters: {'max_depth': 21, 'min_samples_leaf': 0.1569236538597673}. Best is trial 31 with value: 0.0488599777008055.
2020-11-19 17:56:19|Trial 36 finished with value: 0.049103253617342905 and parameters: {'max_depth': 23, 'min_samples_leaf': 0.042879992468130484}. Best is trial 31 with value: 0.0488599777008055.
2020-11-19 17:57:03|Trial 37 finished with value: 0.04929524022171616 and parameters: {'max_depth': 17, 'min_samples_leaf': 0.10098576894538851}. Best is trial 31 with value: 0.0488599777008055.
2020-11-19 17:57:03|Trial 38 finished with value: 0.05011943761184793 and parameters: {'max_depth': 25, 'min_samples_leaf': 0.360912338871453}. Best is trial 31 with value: 0.0488599777008055.
2020-11-19 17:58:06|Trial 39 finished with value: 0.04916488253628052 and parameters: {'max_depth': 15, 'min_samples_leaf': 0.05657799085944679}. Best is trial 31 with value: 0.0488599777008055.
2020-11-19 17:58:24|Trial 40 finished with value: 0.049610410205762935 and parameters: {'max_depth': 21, 'min_samples_leaf': 0.24888650833803433}. Best is trial 31 with value: 0.0488599777008055.
2020-11-19 18:00:14|Trial 41 finished with value: 0.048899751098746835 and parameters: {'max_depth': 25, 'min_samples_leaf': 0.012667270990250064}. Best is trial 31 with value: 0.0488599777008055.
2020-11-19 18:02:10|Trial 42 finished with value: 0.048853460212964314 and parameters: {'max_depth': 27, 'min_samples_leaf': 0.010242100161009817}. Best is trial 42 with value: 0.048853460212964314.
2020-11-19 18:03:32|Trial 43 finished with value: 0.04906221311387478 and parameters: {'max_depth': 27, 'min_samples_leaf': 0.03187688299475766}. Best is trial 42 with value: 0.048853460212964314.
2020-11-19 18:04:50|Trial 44 finished with value: 0.04908037051388022 and parameters: {'max_depth': 29, 'min_samples_leaf': 0.03491463705857191}. Best is trial 42 with value: 0.048853460212964314.
2020-11-19 18:05:45|Trial 45 finished with value: 0.04922834252438938 and parameters: {'max_depth': 27, 'min_samples_leaf': 0.06972974946100774}. Best is trial 42 with value: 0.048853460212964314.
2020-11-19 18:07:01|Trial 46 finished with value: 0.04908944597325932 and parameters: {'max_depth': 23, 'min_samples_leaf': 0.0378830961640368}. Best is trial 42 with value: 0.048853460212964314.
2020-11-19 18:07:38|Trial 47 finished with value: 0.0493549306555281 and parameters: {'max_depth': 19, 'min_samples_leaf': 0.12226888984043319}. Best is trial 42 with value: 0.048853460212964314.
2020-11-19 18:09:28|Trial 48 finished with value: 0.04890537039031398 and parameters: {'max_depth': 23, 'min_samples_leaf': 0.012862111273132248}. Best is trial 42 with value: 0.048853460212964314.
2020-11-19 18:10:10|Trial 49 finished with value: 0.04931212713897399 and parameters: {'max_depth': 7, 'min_samples_leaf': 0.10831739145992296}. Best is trial 42 with value: 0.048853460212964314.
2020-11-19 18:11:05|Trial 50 finished with value: 0.04923759576653206 and parameters: {'max_depth': 29, 'min_samples_leaf': 0.07380220768803002}. Best is trial 42 with value: 0.048853460212964314.
2020-11-19 18:12:53|Trial 51 finished with value: 0.04891170142221301 and parameters: {'max_depth': 27, 'min_samples_leaf': 0.013421425762549732}. Best is trial 42 with value: 0.048853460212964314.
2020-11-19 18:14:12|Trial 52 finished with value: 0.04906595610340022 and parameters: {'max_depth': 25, 'min_samples_leaf': 0.03292121762866232}. Best is trial 42 with value: 0.048853460212964314.
2020-11-19 18:15:20|Trial 53 finished with value: 0.049129507684271066 and parameters: {'max_depth': 25, 'min_samples_leaf': 0.04891340517769076}. Best is trial 42 with value: 0.048853460212964314.
2020-11-19 18:17:13|Trial 54 finished with value: 0.04887652484956649 and parameters: {'max_depth': 27, 'min_samples_leaf': 0.011466384532804868}. Best is trial 42 with value: 0.048853460212964314.
2020-11-19 18:18:39|Trial 55 finished with value: 0.049046387658521484 and parameters: {'max_depth': 29, 'min_samples_leaf': 0.027648500124543087}. Best is trial 42 with value: 0.048853460212964314.
2020-11-19 18:19:41|Trial 56 finished with value: 0.04916986963000144 and parameters: {'max_depth': 27, 'min_samples_leaf': 0.05726930357245737}. Best is trial 42 with value: 0.048853460212964314.
2020-11-19 18:21:37|Trial 57 finished with value: 0.04885090117991787 and parameters: {'max_depth': 23, 'min_samples_leaf': 0.010319679863679898}. Best is trial 57 with value: 0.04885090117991787.
2020-11-19 18:22:32|Trial 58 finished with value: 0.04922482974569432 and parameters: {'max_depth': 23, 'min_samples_leaf': 0.07073926874608949}. Best is trial 57 with value: 0.04885090117991787.
2020-11-19 18:22:50|Trial 59 finished with value: 0.04965353868634714 and parameters: {'max_depth': 19, 'min_samples_leaf': 0.3121515018655537}. Best is trial 57 with value: 0.04885090117991787.
2020-11-19 18:23:22|Trial 60 finished with value: 0.04940343604123435 and parameters: {'max_depth': 21, 'min_samples_leaf': 0.14092496255811432}. Best is trial 57 with value: 0.04885090117991787.
2020-11-19 18:24:55|Trial 61 finished with value: 0.048984414250354914 and parameters: {'max_depth': 25, 'min_samples_leaf': 0.022889357118663703}. Best is trial 57 with value: 0.04885090117991787.
2020-11-19 18:26:48|Trial 62 finished with value: 0.04887176604700572 and parameters: {'max_depth': 21, 'min_samples_leaf': 0.011155716574923459}. Best is trial 57 with value: 0.04885090117991787.
2020-11-19 18:27:58|Trial 63 finished with value: 0.04912101283443452 and parameters: {'max_depth': 21, 'min_samples_leaf': 0.045486570462387285}. Best is trial 57 with value: 0.04885090117991787.
2020-11-19 18:29:53|Trial 64 finished with value: 0.048863206783751584 and parameters: {'max_depth': 23, 'min_samples_leaf': 0.010728285353075922}. Best is trial 57 with value: 0.04885090117991787.
2020-11-19 18:30:38|Trial 65 finished with value: 0.049283127531176085 and parameters: {'max_depth': 23, 'min_samples_leaf': 0.09480588195898591}. Best is trial 57 with value: 0.04885090117991787.
2020-11-19 18:32:06|Trial 66 finished with value: 0.04903494088663539 and parameters: {'max_depth': 23, 'min_samples_leaf': 0.025528610734649463}. Best is trial 57 with value: 0.04885090117991787.
2020-11-19 18:32:07|Trial 67 finished with value: 0.050119470077983876 and parameters: {'max_depth': 21, 'min_samples_leaf': 0.43740645456693517}. Best is trial 57 with value: 0.04885090117991787.
2020-11-19 18:33:06|Trial 68 finished with value: 0.049185406204784225 and parameters: {'max_depth': 23, 'min_samples_leaf': 0.06053591059876802}. Best is trial 57 with value: 0.04885090117991787.
2020-11-19 18:34:25|Trial 69 finished with value: 0.04906986499155854 and parameters: {'max_depth': 19, 'min_samples_leaf': 0.03414868013717336}. Best is trial 57 with value: 0.04885090117991787.
2020-11-19 18:35:34|Trial 70 finished with value: 0.049126915147411125 and parameters: {'max_depth': 25, 'min_samples_leaf': 0.04745662735183452}. Best is trial 57 with value: 0.04885090117991787.
2020-11-19 18:37:30|Trial 71 finished with value: 0.048850388333855146 and parameters: {'max_depth': 21, 'min_samples_leaf': 0.010262545762807588}. Best is trial 71 with value: 0.048850388333855146.
2020-11-19 18:39:20|Trial 72 finished with value: 0.048900516878152715 and parameters: {'max_depth': 21, 'min_samples_leaf': 0.012666986480064195}. Best is trial 71 with value: 0.048850388333855146.
2020-11-19 18:40:51|Trial 73 finished with value: 0.04898926036030889 and parameters: {'max_depth': 17, 'min_samples_leaf': 0.023600793086597696}. Best is trial 71 with value: 0.048850388333855146.
2020-11-19 18:42:44|Trial 74 finished with value: 0.048876298769058905 and parameters: {'max_depth': 21, 'min_samples_leaf': 0.01166629147086825}. Best is trial 71 with value: 0.048850388333855146.
2020-11-19 18:42:44|Trial 75 finished with value: 0.050119439674889694 and parameters: {'max_depth': 25, 'min_samples_leaf': 0.33659532570408124}. Best is trial 71 with value: 0.048850388333855146.
2020-11-19 18:43:57|Trial 76 finished with value: 0.0490978585073397 and parameters: {'max_depth': 23, 'min_samples_leaf': 0.04060746873154804}. Best is trial 71 with value: 0.048850388333855146.
2020-11-19 18:44:49|Trial 77 finished with value: 0.04925381726564257 and parameters: {'max_depth': 19, 'min_samples_leaf': 0.07913807723072544}. Best is trial 71 with value: 0.048850388333855146.
2020-11-19 18:46:17|Trial 78 finished with value: 0.04903512926122573 and parameters: {'max_depth': 23, 'min_samples_leaf': 0.025892459749144794}. Best is trial 71 with value: 0.048850388333855146.
2020-11-19 18:47:18|Trial 79 finished with value: 0.04917512986038843 and parameters: {'max_depth': 21, 'min_samples_leaf': 0.059100108370541735}. Best is trial 71 with value: 0.048850388333855146.
2020-11-19 18:49:10|Trial 80 finished with value: 0.048890778833570916 and parameters: {'max_depth': 27, 'min_samples_leaf': 0.012015820839888376}. Best is trial 71 with value: 0.048850388333855146.
2020-11-19 18:50:39|Trial 81 finished with value: 0.04901065387441987 and parameters: {'max_depth': 15, 'min_samples_leaf': 0.024470528855921873}. Best is trial 71 with value: 0.048850388333855146.
2020-11-19 18:52:35|Trial 82 finished with value: 0.04885830147727431 and parameters: {'max_depth': 19, 'min_samples_leaf': 0.010388322955276981}. Best is trial 71 with value: 0.048850388333855146.
2020-11-19 18:53:48|Trial 83 finished with value: 0.049094843907256935 and parameters: {'max_depth': 19, 'min_samples_leaf': 0.03975871414189436}. Best is trial 71 with value: 0.048850388333855146.
2020-11-19 18:55:41|Trial 84 finished with value: 0.04887034065201382 and parameters: {'max_depth': 17, 'min_samples_leaf': 0.01143804373719821}. Best is trial 71 with value: 0.048850388333855146.
2020-11-19 18:56:48|Trial 85 finished with value: 0.049136892210101604 and parameters: {'max_depth': 17, 'min_samples_leaf': 0.05187357058499516}. Best is trial 71 with value: 0.048850388333855146.
2020-11-19 18:57:06|Trial 86 finished with value: 0.049601683378019526 and parameters: {'max_depth': 17, 'min_samples_leaf': 0.21309954484792498}. Best is trial 71 with value: 0.048850388333855146.
2020-11-19 18:57:24|Trial 87 finished with value: 0.049614214565345004 and parameters: {'max_depth': 19, 'min_samples_leaf': 0.2862591805846716}. Best is trial 71 with value: 0.048850388333855146.
2020-11-19 18:58:42|Trial 88 finished with value: 0.049080416009635364 and parameters: {'max_depth': 13, 'min_samples_leaf': 0.035395354599971646}. Best is trial 71 with value: 0.048850388333855146.
2020-11-19 18:59:38|Trial 89 finished with value: 0.04922138643127065 and parameters: {'max_depth': 17, 'min_samples_leaf': 0.06856521804229626}. Best is trial 71 with value: 0.048850388333855146.
2020-11-19 19:01:36|Trial 90 finished with value: 0.04884626102289021 and parameters: {'max_depth': 23, 'min_samples_leaf': 0.010028285494760753}. Best is trial 90 with value: 0.04884626102289021.
2020-11-19 19:03:10|Trial 91 finished with value: 0.04897550541025919 and parameters: {'max_depth': 23, 'min_samples_leaf': 0.021215378621643237}. Best is trial 90 with value: 0.04884626102289021.
2020-11-19 19:04:45|Trial 92 finished with value: 0.04897019017863459 and parameters: {'max_depth': 15, 'min_samples_leaf': 0.021197575578024576}. Best is trial 90 with value: 0.04884626102289021.
2020-11-19 19:06:40|Trial 93 finished with value: 0.048863342359234056 and parameters: {'max_depth': 25, 'min_samples_leaf': 0.010886367704510222}. Best is trial 90 with value: 0.04884626102289021.
2020-11-19 19:08:36|Trial 94 finished with value: 0.048853465268256804 and parameters: {'max_depth': 25, 'min_samples_leaf': 0.010125031114444561}. Best is trial 90 with value: 0.04884626102289021.
2020-11-19 19:09:55|Trial 95 finished with value: 0.04906937469340936 and parameters: {'max_depth': 25, 'min_samples_leaf': 0.034067057850882695}. Best is trial 90 with value: 0.04884626102289021.
2020-11-19 19:11:03|Trial 96 finished with value: 0.04912395198757453 and parameters: {'max_depth': 25, 'min_samples_leaf': 0.047929666439658014}. Best is trial 90 with value: 0.04884626102289021.
2020-11-19 19:12:57|Trial 97 finished with value: 0.04886312448495553 and parameters: {'max_depth': 25, 'min_samples_leaf': 0.011017336329352936}. Best is trial 90 with value: 0.04884626102289021.
2020-11-19 19:14:24|Trial 98 finished with value: 0.04904473028004516 and parameters: {'max_depth': 27, 'min_samples_leaf': 0.02673701799046706}. Best is trial 90 with value: 0.04884626102289021.
2020-11-19 19:15:36|Trial 99 finished with value: 0.049098745279333736 and parameters: {'max_depth': 23, 'min_samples_leaf': 0.0408020713186562}. Best is trial 90 with value: 0.04884626102289021.
2020-11-20 15:24:37|Your session is invalid or has expired.
2020-11-20 15:24:50|Your session is invalid or has expired.
2020-11-20 15:24:55|Your session is invalid or has expired.
2020-11-20 15:25:34|invalid submission headers. headers must be id and prediction
